{"/Users/pablo.valle/Projects/PABLO-staffManager-v01/app.js": {"path":"/Users/pablo.valle/Projects/PABLO-staffManager-v01/app.js","statementMap":{"0":{"start":{"line":2,"column":16},"end":{"line":2,"column":34}},"1":{"start":{"line":3,"column":13},"end":{"line":3,"column":28}},"2":{"start":{"line":4,"column":12},"end":{"line":4,"column":21}},"3":{"start":{"line":5,"column":18},"end":{"line":5,"column":47}},"4":{"start":{"line":6,"column":13},"end":{"line":6,"column":30}},"5":{"start":{"line":8,"column":24},"end":{"line":8,"column":58}},"6":{"start":{"line":10,"column":15},"end":{"line":10,"column":50}},"7":{"start":{"line":11,"column":21},"end":{"line":11,"column":62}},"8":{"start":{"line":12,"column":20},"end":{"line":12,"column":60}},"9":{"start":{"line":14,"column":23},"end":{"line":14,"column":55}},"10":{"start":{"line":15,"column":22},"end":{"line":15,"column":53}},"11":{"start":{"line":16,"column":18},"end":{"line":16,"column":46}},"12":{"start":{"line":18,"column":0},"end":{"line":18,"column":47}},"13":{"start":{"line":19,"column":0},"end":{"line":19,"column":24}},"14":{"start":{"line":20,"column":0},"end":{"line":20,"column":16}},"15":{"start":{"line":21,"column":0},"end":{"line":21,"column":72}},"16":{"start":{"line":23,"column":0},"end":{"line":23,"column":56}},"17":{"start":{"line":24,"column":0},"end":{"line":24,"column":69}},"18":{"start":{"line":26,"column":0},"end":{"line":26,"column":28}},"19":{"start":{"line":27,"column":0},"end":{"line":27,"column":51}},"20":{"start":{"line":28,"column":0},"end":{"line":28,"column":50}},"21":{"start":{"line":30,"column":0},"end":{"line":30,"column":22}},"22":{"start":{"line":32,"column":0},"end":{"line":32,"column":21}}},"fnMap":{},"branchMap":{},"s":{"0":3,"1":3,"2":3,"3":3,"4":3,"5":3,"6":3,"7":3,"8":3,"9":3,"10":3,"11":3,"12":3,"13":3,"14":3,"15":3,"16":3,"17":3,"18":3,"19":3,"20":3,"21":3,"22":3},"f":{},"b":{},"inputSourceMap":null,"_coverageSchema":"1a1c01bbd47fc00a2c39e90264f33305004495a9","hash":"6cfa650de8720a7b5c083ca2c97cd990b984bb96"}
,"/Users/pablo.valle/Projects/PABLO-staffManager-v01/config/config.js": {"path":"/Users/pablo.valle/Projects/PABLO-staffManager-v01/config/config.js","statementMap":{"0":{"start":{"line":1,"column":15},"end":{"line":1,"column":32}},"1":{"start":{"line":2,"column":13},"end":{"line":2,"column":28}},"2":{"start":{"line":4,"column":0},"end":{"line":4,"column":64}},"3":{"start":{"line":6,"column":0},"end":{"line":25,"column":1}}},"fnMap":{},"branchMap":{},"s":{"0":4,"1":4,"2":4,"3":4},"f":{},"b":{},"inputSourceMap":null,"_coverageSchema":"1a1c01bbd47fc00a2c39e90264f33305004495a9","hash":"fe13da37aff228c5d7ecaf217b15dc75bbac0218"}
,"/Users/pablo.valle/Projects/PABLO-staffManager-v01/models/company.js": {"path":"/Users/pablo.valle/Projects/PABLO-staffManager-v01/models/company.js","statementMap":{"0":{"start":{"line":4,"column":4},"end":{"line":4,"column":24}},"1":{"start":{"line":6,"column":15},"end":{"line":6,"column":70}},"2":{"start":{"line":8,"column":0},"end":{"line":36,"column":2}},"3":{"start":{"line":12,"column":6},"end":{"line":15,"column":9}},"4":{"start":{"line":18,"column":2},"end":{"line":34,"column":5}},"5":{"start":{"line":27,"column":8},"end":{"line":27,"column":65}},"6":{"start":{"line":35,"column":2},"end":{"line":35,"column":17}}},"fnMap":{"0":{"name":"(anonymous_0)","decl":{"start":{"line":8,"column":17},"end":{"line":8,"column":18}},"loc":{"start":{"line":8,"column":43},"end":{"line":36,"column":1}},"line":8},"1":{"name":"(anonymous_1)","decl":{"start":{"line":11,"column":4},"end":{"line":11,"column":5}},"loc":{"start":{"line":11,"column":29},"end":{"line":16,"column":5}},"line":11},"2":{"name":"(anonymous_2)","decl":{"start":{"line":26,"column":20},"end":{"line":26,"column":21}},"loc":{"start":{"line":26,"column":26},"end":{"line":28,"column":7}},"line":26}},"branchMap":{},"s":{"0":2,"1":2,"2":2,"3":2,"4":2,"5":2,"6":2},"f":{"0":2,"1":2,"2":2},"b":{},"inputSourceMap":null,"_coverageSchema":"1a1c01bbd47fc00a2c39e90264f33305004495a9","hash":"0fb02c3c841a7d2222ed182349cc72e8e4e48742"}
,"/Users/pablo.valle/Projects/PABLO-staffManager-v01/models/employee.js": {"path":"/Users/pablo.valle/Projects/PABLO-staffManager-v01/models/employee.js","statementMap":{"0":{"start":{"line":5,"column":4},"end":{"line":5,"column":24}},"1":{"start":{"line":7,"column":15},"end":{"line":7,"column":32}},"2":{"start":{"line":8,"column":20},"end":{"line":8,"column":22}},"3":{"start":{"line":10,"column":0},"end":{"line":53,"column":2}},"4":{"start":{"line":14,"column":6},"end":{"line":17,"column":9}},"5":{"start":{"line":18,"column":6},"end":{"line":23,"column":9}},"6":{"start":{"line":26,"column":2},"end":{"line":39,"column":5}},"7":{"start":{"line":41,"column":2},"end":{"line":45,"column":5}},"8":{"start":{"line":42,"column":4},"end":{"line":44,"column":5}},"9":{"start":{"line":43,"column":6},"end":{"line":43,"column":76}},"10":{"start":{"line":46,"column":2},"end":{"line":50,"column":4}},"11":{"start":{"line":47,"column":4},"end":{"line":49,"column":5}},"12":{"start":{"line":48,"column":6},"end":{"line":48,"column":76}},"13":{"start":{"line":52,"column":2},"end":{"line":52,"column":18}}},"fnMap":{"0":{"name":"(anonymous_0)","decl":{"start":{"line":10,"column":17},"end":{"line":10,"column":18}},"loc":{"start":{"line":10,"column":43},"end":{"line":53,"column":1}},"line":10},"1":{"name":"(anonymous_1)","decl":{"start":{"line":13,"column":4},"end":{"line":13,"column":5}},"loc":{"start":{"line":13,"column":29},"end":{"line":24,"column":5}},"line":13},"2":{"name":"(anonymous_2)","decl":{"start":{"line":41,"column":24},"end":{"line":41,"column":25}},"loc":{"start":{"line":41,"column":44},"end":{"line":45,"column":3}},"line":41},"3":{"name":"(anonymous_3)","decl":{"start":{"line":46,"column":24},"end":{"line":46,"column":25}},"loc":{"start":{"line":46,"column":44},"end":{"line":50,"column":3}},"line":46}},"branchMap":{"0":{"loc":{"start":{"line":42,"column":4},"end":{"line":44,"column":5}},"type":"if","locations":[{"start":{"line":42,"column":4},"end":{"line":44,"column":5}},{"start":{},"end":{}}],"line":42},"1":{"loc":{"start":{"line":47,"column":4},"end":{"line":49,"column":5}},"type":"if","locations":[{"start":{"line":47,"column":4},"end":{"line":49,"column":5}},{"start":{},"end":{}}],"line":47}},"s":{"0":2,"1":2,"2":2,"3":2,"4":2,"5":2,"6":2,"7":2,"8":3,"9":3,"10":2,"11":3,"12":1,"13":2},"f":{"0":2,"1":2,"2":3,"3":3},"b":{"0":[3,0],"1":[1,2]},"inputSourceMap":null,"_coverageSchema":"1a1c01bbd47fc00a2c39e90264f33305004495a9","hash":"05471a0137f57a916c58b796e5448a97c6253364"}
,"/Users/pablo.valle/Projects/PABLO-staffManager-v01/models/index.js": {"path":"/Users/pablo.valle/Projects/PABLO-staffManager-v01/models/index.js","statementMap":{"0":{"start":{"line":3,"column":11},"end":{"line":3,"column":24}},"1":{"start":{"line":4,"column":13},"end":{"line":4,"column":28}},"2":{"start":{"line":5,"column":18},"end":{"line":5,"column":38}},"3":{"start":{"line":6,"column":17},"end":{"line":6,"column":42}},"4":{"start":{"line":7,"column":12},"end":{"line":7,"column":49}},"5":{"start":{"line":8,"column":15},"end":{"line":8,"column":58}},"6":{"start":{"line":9,"column":17},"end":{"line":9,"column":28}},"7":{"start":{"line":10,"column":15},"end":{"line":10,"column":51}},"8":{"start":{"line":11,"column":11},"end":{"line":11,"column":13}},"9":{"start":{"line":19,"column":18},"end":{"line":28,"column":1}},"10":{"start":{"line":26,"column":46},"end":{"line":26,"column":62}},"11":{"start":{"line":30,"column":0},"end":{"line":43,"column":5}},"12":{"start":{"line":33,"column":4},"end":{"line":38,"column":6}},"13":{"start":{"line":41,"column":18},"end":{"line":41,"column":85}},"14":{"start":{"line":42,"column":4},"end":{"line":42,"column":27}},"15":{"start":{"line":45,"column":0},"end":{"line":49,"column":3}},"16":{"start":{"line":46,"column":2},"end":{"line":48,"column":3}},"17":{"start":{"line":47,"column":4},"end":{"line":47,"column":32}},"18":{"start":{"line":52,"column":2},"end":{"line":57,"column":3}},"19":{"start":{"line":53,"column":4},"end":{"line":53,"column":35}},"20":{"start":{"line":54,"column":4},"end":{"line":54,"column":42}},"21":{"start":{"line":56,"column":4},"end":{"line":56,"column":65}},"22":{"start":{"line":60,"column":0},"end":{"line":62,"column":1}},"23":{"start":{"line":61,"column":2},"end":{"line":61,"column":19}},"24":{"start":{"line":64,"column":0},"end":{"line":64,"column":25}},"25":{"start":{"line":65,"column":0},"end":{"line":65,"column":25}},"26":{"start":{"line":67,"column":0},"end":{"line":67,"column":20}}},"fnMap":{"0":{"name":"(anonymous_0)","decl":{"start":{"line":26,"column":37},"end":{"line":26,"column":38}},"loc":{"start":{"line":26,"column":46},"end":{"line":26,"column":62}},"line":26},"1":{"name":"(anonymous_1)","decl":{"start":{"line":32,"column":10},"end":{"line":32,"column":11}},"loc":{"start":{"line":32,"column":18},"end":{"line":39,"column":3}},"line":32},"2":{"name":"(anonymous_2)","decl":{"start":{"line":40,"column":11},"end":{"line":40,"column":12}},"loc":{"start":{"line":40,"column":19},"end":{"line":43,"column":3}},"line":40},"3":{"name":"(anonymous_3)","decl":{"start":{"line":45,"column":24},"end":{"line":45,"column":25}},"loc":{"start":{"line":45,"column":37},"end":{"line":49,"column":1}},"line":45},"4":{"name":"testConnection","decl":{"start":{"line":51,"column":15},"end":{"line":51,"column":29}},"loc":{"start":{"line":51,"column":31},"end":{"line":58,"column":1}},"line":51}},"branchMap":{"0":{"loc":{"start":{"line":7,"column":12},"end":{"line":7,"column":49}},"type":"binary-expr","locations":[{"start":{"line":7,"column":12},"end":{"line":7,"column":32}},{"start":{"line":7,"column":36},"end":{"line":7,"column":49}}],"line":7},"1":{"loc":{"start":{"line":26,"column":13},"end":{"line":26,"column":62}},"type":"cond-expr","locations":[{"start":{"line":26,"column":29},"end":{"line":26,"column":34}},{"start":{"line":26,"column":37},"end":{"line":26,"column":62}}],"line":26},"2":{"loc":{"start":{"line":34,"column":6},"end":{"line":37,"column":37}},"type":"binary-expr","locations":[{"start":{"line":34,"column":6},"end":{"line":34,"column":29}},{"start":{"line":35,"column":6},"end":{"line":35,"column":23}},{"start":{"line":36,"column":6},"end":{"line":36,"column":30}},{"start":{"line":37,"column":6},"end":{"line":37,"column":37}}],"line":34},"3":{"loc":{"start":{"line":46,"column":2},"end":{"line":48,"column":3}},"type":"if","locations":[{"start":{"line":46,"column":2},"end":{"line":48,"column":3}},{"start":{},"end":{}}],"line":46},"4":{"loc":{"start":{"line":60,"column":0},"end":{"line":62,"column":1}},"type":"if","locations":[{"start":{"line":60,"column":0},"end":{"line":62,"column":1}},{"start":{},"end":{}}],"line":60}},"s":{"0":2,"1":2,"2":2,"3":2,"4":2,"5":2,"6":2,"7":2,"8":2,"9":2,"10":0,"11":2,"12":8,"13":6,"14":6,"15":2,"16":6,"17":6,"18":0,"19":0,"20":0,"21":0,"22":2,"23":0,"24":2,"25":2,"26":2},"f":{"0":0,"1":8,"2":6,"3":6,"4":0},"b":{"0":[2,0],"1":[2,0],"2":[8,8,6,6],"3":[6,0],"4":[0,2]},"inputSourceMap":null,"_coverageSchema":"1a1c01bbd47fc00a2c39e90264f33305004495a9","hash":"b913329c5f0acda36436c7e0ff5b33b8837462fa"}
,"/Users/pablo.valle/Projects/PABLO-staffManager-v01/models/project.js": {"path":"/Users/pablo.valle/Projects/PABLO-staffManager-v01/models/project.js","statementMap":{"0":{"start":{"line":4,"column":4},"end":{"line":4,"column":24}},"1":{"start":{"line":5,"column":0},"end":{"line":31,"column":2}},"2":{"start":{"line":8,"column":6},"end":{"line":13,"column":8}},"3":{"start":{"line":16,"column":2},"end":{"line":29,"column":5}},"4":{"start":{"line":30,"column":2},"end":{"line":30,"column":17}}},"fnMap":{"0":{"name":"(anonymous_0)","decl":{"start":{"line":5,"column":17},"end":{"line":5,"column":18}},"loc":{"start":{"line":5,"column":43},"end":{"line":31,"column":1}},"line":5},"1":{"name":"(anonymous_1)","decl":{"start":{"line":7,"column":4},"end":{"line":7,"column":5}},"loc":{"start":{"line":7,"column":29},"end":{"line":14,"column":5}},"line":7}},"branchMap":{},"s":{"0":2,"1":2,"2":2,"3":2,"4":2},"f":{"0":2,"1":2},"b":{},"inputSourceMap":null,"_coverageSchema":"1a1c01bbd47fc00a2c39e90264f33305004495a9","hash":"37571a4f2c3b4a7a2a2d3b3f6332c0b461b190a1"}
,"/Users/pablo.valle/Projects/PABLO-staffManager-v01/src/controllers/auth.js": {"path":"/Users/pablo.valle/Projects/PABLO-staffManager-v01/src/controllers/auth.js","statementMap":{"0":{"start":{"line":1,"column":0},"end":{"line":1,"column":27}},"1":{"start":{"line":2,"column":21},"end":{"line":2,"column":44}},"2":{"start":{"line":3,"column":23},"end":{"line":3,"column":51}},"3":{"start":{"line":4,"column":15},"end":{"line":4,"column":32}},"4":{"start":{"line":5,"column":24},"end":{"line":5,"column":52}},"5":{"start":{"line":8,"column":14},"end":{"line":29,"column":1}},"6":{"start":{"line":9,"column":4},"end":{"line":28,"column":5}},"7":{"start":{"line":10,"column":36},"end":{"line":10,"column":44}},"8":{"start":{"line":11,"column":21},"end":{"line":11,"column":62}},"9":{"start":{"line":12,"column":8},"end":{"line":14,"column":9}},"10":{"start":{"line":13,"column":12},"end":{"line":13,"column":95}},"11":{"start":{"line":15,"column":8},"end":{"line":17,"column":9}},"12":{"start":{"line":16,"column":12},"end":{"line":16,"column":95}},"13":{"start":{"line":19,"column":22},"end":{"line":19,"column":38}},"14":{"start":{"line":21,"column":8},"end":{"line":24,"column":11}},"15":{"start":{"line":27,"column":8},"end":{"line":27,"column":20}},"16":{"start":{"line":31,"column":0},"end":{"line":31,"column":27}}},"fnMap":{"0":{"name":"(anonymous_0)","decl":{"start":{"line":8,"column":14},"end":{"line":8,"column":15}},"loc":{"start":{"line":8,"column":40},"end":{"line":29,"column":1}},"line":8}},"branchMap":{"0":{"loc":{"start":{"line":12,"column":8},"end":{"line":14,"column":9}},"type":"if","locations":[{"start":{"line":12,"column":8},"end":{"line":14,"column":9}},{"start":{},"end":{}}],"line":12},"1":{"loc":{"start":{"line":15,"column":8},"end":{"line":17,"column":9}},"type":"if","locations":[{"start":{"line":15,"column":8},"end":{"line":17,"column":9}},{"start":{},"end":{}}],"line":15}},"s":{"0":3,"1":3,"2":3,"3":3,"4":3,"5":3,"6":0,"7":0,"8":0,"9":0,"10":0,"11":0,"12":0,"13":0,"14":0,"15":0,"16":3},"f":{"0":0},"b":{"0":[0,0],"1":[0,0]},"inputSourceMap":null,"_coverageSchema":"1a1c01bbd47fc00a2c39e90264f33305004495a9","hash":"41cbc4750e51d9246057ba9b138635ca291aad17"}
,"/Users/pablo.valle/Projects/PABLO-staffManager-v01/src/controllers/company.js": {"path":"/Users/pablo.valle/Projects/PABLO-staffManager-v01/src/controllers/company.js","statementMap":{"0":{"start":{"line":1,"column":24},"end":{"line":1,"column":52}},"1":{"start":{"line":2,"column":30},"end":{"line":2,"column":53}},"2":{"start":{"line":3,"column":15},"end":{"line":3,"column":35}},"3":{"start":{"line":5,"column":24},"end":{"line":25,"column":1}},"4":{"start":{"line":6,"column":4},"end":{"line":24,"column":5}},"5":{"start":{"line":8,"column":32},"end":{"line":8,"column":41}},"6":{"start":{"line":9,"column":22},"end":{"line":9,"column":24}},"7":{"start":{"line":11,"column":8},"end":{"line":13,"column":9}},"8":{"start":{"line":12,"column":12},"end":{"line":12,"column":52}},"9":{"start":{"line":14,"column":8},"end":{"line":16,"column":9}},"10":{"start":{"line":15,"column":12},"end":{"line":15,"column":32}},"11":{"start":{"line":18,"column":26},"end":{"line":18,"column":56}},"12":{"start":{"line":20,"column":8},"end":{"line":20,"column":51}},"13":{"start":{"line":23,"column":8},"end":{"line":23,"column":20}},"14":{"start":{"line":27,"column":19},"end":{"line":45,"column":1}},"15":{"start":{"line":28,"column":4},"end":{"line":44,"column":5}},"16":{"start":{"line":29,"column":23},"end":{"line":29,"column":33}},"17":{"start":{"line":30,"column":24},"end":{"line":36,"column":10}},"18":{"start":{"line":37,"column":8},"end":{"line":39,"column":9}},"19":{"start":{"line":38,"column":12},"end":{"line":38,"column":92}},"20":{"start":{"line":41,"column":8},"end":{"line":41,"column":49}},"21":{"start":{"line":43,"column":8},"end":{"line":43,"column":20}},"22":{"start":{"line":47,"column":0},"end":{"line":50,"column":1}}},"fnMap":{"0":{"name":"(anonymous_0)","decl":{"start":{"line":5,"column":24},"end":{"line":5,"column":25}},"loc":{"start":{"line":5,"column":50},"end":{"line":25,"column":1}},"line":5},"1":{"name":"(anonymous_1)","decl":{"start":{"line":27,"column":19},"end":{"line":27,"column":20}},"loc":{"start":{"line":27,"column":45},"end":{"line":45,"column":1}},"line":27}},"branchMap":{"0":{"loc":{"start":{"line":11,"column":8},"end":{"line":13,"column":9}},"type":"if","locations":[{"start":{"line":11,"column":8},"end":{"line":13,"column":9}},{"start":{},"end":{}}],"line":11},"1":{"loc":{"start":{"line":14,"column":8},"end":{"line":16,"column":9}},"type":"if","locations":[{"start":{"line":14,"column":8},"end":{"line":16,"column":9}},{"start":{},"end":{}}],"line":14},"2":{"loc":{"start":{"line":37,"column":8},"end":{"line":39,"column":9}},"type":"if","locations":[{"start":{"line":37,"column":8},"end":{"line":39,"column":9}},{"start":{},"end":{}}],"line":37}},"s":{"0":3,"1":3,"2":3,"3":3,"4":0,"5":0,"6":0,"7":0,"8":0,"9":0,"10":0,"11":0,"12":0,"13":0,"14":3,"15":0,"16":0,"17":0,"18":0,"19":0,"20":0,"21":0,"22":3},"f":{"0":0,"1":0},"b":{"0":[0,0],"1":[0,0],"2":[0,0]},"inputSourceMap":null,"_coverageSchema":"1a1c01bbd47fc00a2c39e90264f33305004495a9","hash":"8a1bd366cef162a0e187504873ad1acfb4aebc96"}
,"/Users/pablo.valle/Projects/PABLO-staffManager-v01/src/controllers/employee.js": {"path":"/Users/pablo.valle/Projects/PABLO-staffManager-v01/src/controllers/employee.js","statementMap":{"0":{"start":{"line":1,"column":39},"end":{"line":1,"column":62}},"1":{"start":{"line":2,"column":24},"end":{"line":2,"column":52}},"2":{"start":{"line":3,"column":13},"end":{"line":3,"column":28}},"3":{"start":{"line":4,"column":11},"end":{"line":4,"column":24}},"4":{"start":{"line":5,"column":15},"end":{"line":5,"column":35}},"5":{"start":{"line":6,"column":20},"end":{"line":6,"column":51}},"6":{"start":{"line":7,"column":24},"end":{"line":7,"column":52}},"7":{"start":{"line":9,"column":27},"end":{"line":9,"column":47}},"8":{"start":{"line":10,"column":25},"end":{"line":10,"column":43}},"9":{"start":{"line":11,"column":20},"end":{"line":11,"column":45}},"10":{"start":{"line":13,"column":24},"end":{"line":64,"column":1}},"11":{"start":{"line":14,"column":4},"end":{"line":63,"column":5}},"12":{"start":{"line":16,"column":54},"end":{"line":16,"column":63}},"13":{"start":{"line":17,"column":22},"end":{"line":17,"column":24}},"14":{"start":{"line":19,"column":8},"end":{"line":21,"column":9}},"15":{"start":{"line":20,"column":12},"end":{"line":20,"column":53}},"16":{"start":{"line":22,"column":8},"end":{"line":24,"column":9}},"17":{"start":{"line":23,"column":12},"end":{"line":23,"column":55}},"18":{"start":{"line":25,"column":8},"end":{"line":28,"column":9}},"19":{"start":{"line":26,"column":31},"end":{"line":26,"column":111}},"20":{"start":{"line":26,"column":78},"end":{"line":26,"column":88}},"21":{"start":{"line":27,"column":12},"end":{"line":27,"column":54}},"22":{"start":{"line":30,"column":31},"end":{"line":35,"column":9}},"23":{"start":{"line":37,"column":8},"end":{"line":40,"column":9}},"24":{"start":{"line":38,"column":31},"end":{"line":38,"column":111}},"25":{"start":{"line":38,"column":78},"end":{"line":38,"column":88}},"26":{"start":{"line":39,"column":12},"end":{"line":39,"column":67}},"27":{"start":{"line":42,"column":26},"end":{"line":51,"column":10}},"28":{"start":{"line":53,"column":37},"end":{"line":58,"column":10}},"29":{"start":{"line":54,"column":33},"end":{"line":54,"column":45}},"30":{"start":{"line":55,"column":12},"end":{"line":55,"column":41}},"31":{"start":{"line":56,"column":12},"end":{"line":56,"column":83}},"32":{"start":{"line":57,"column":12},"end":{"line":57,"column":32}},"33":{"start":{"line":60,"column":8},"end":{"line":60,"column":62}},"34":{"start":{"line":62,"column":8},"end":{"line":62,"column":20}},"35":{"start":{"line":66,"column":20},"end":{"line":92,"column":1}},"36":{"start":{"line":67,"column":4},"end":{"line":91,"column":5}},"37":{"start":{"line":68,"column":23},"end":{"line":68,"column":33}},"38":{"start":{"line":69,"column":25},"end":{"line":75,"column":10}},"39":{"start":{"line":77,"column":8},"end":{"line":81,"column":9}},"40":{"start":{"line":78,"column":26},"end":{"line":78,"column":55}},"41":{"start":{"line":79,"column":12},"end":{"line":79,"column":49}},"42":{"start":{"line":80,"column":12},"end":{"line":80,"column":24}},"43":{"start":{"line":83,"column":29},"end":{"line":83,"column":46}},"44":{"start":{"line":84,"column":8},"end":{"line":84,"column":37}},"45":{"start":{"line":85,"column":8},"end":{"line":85,"column":79}},"46":{"start":{"line":87,"column":8},"end":{"line":87,"column":54}},"47":{"start":{"line":90,"column":8},"end":{"line":90,"column":20}},"48":{"start":{"line":94,"column":23},"end":{"line":119,"column":1}},"49":{"start":{"line":95,"column":4},"end":{"line":118,"column":5}},"50":{"start":{"line":96,"column":81},"end":{"line":96,"column":89}},"51":{"start":{"line":97,"column":28},"end":{"line":100,"column":10}},"52":{"start":{"line":101,"column":8},"end":{"line":110,"column":9}},"53":{"start":{"line":102,"column":24},"end":{"line":102,"column":59}},"54":{"start":{"line":103,"column":32},"end":{"line":103,"column":66}},"55":{"start":{"line":104,"column":28},"end":{"line":104,"column":61}},"56":{"start":{"line":106,"column":12},"end":{"line":106,"column":50}},"57":{"start":{"line":108,"column":12},"end":{"line":108,"column":67}},"58":{"start":{"line":109,"column":12},"end":{"line":109,"column":37}},"59":{"start":{"line":112,"column":29},"end":{"line":112,"column":49}},"60":{"start":{"line":113,"column":8},"end":{"line":113,"column":79}},"61":{"start":{"line":115,"column":8},"end":{"line":115,"column":59}},"62":{"start":{"line":117,"column":8},"end":{"line":117,"column":20}},"63":{"start":{"line":121,"column":23},"end":{"line":159,"column":1}},"64":{"start":{"line":122,"column":4},"end":{"line":158,"column":5}},"65":{"start":{"line":123,"column":23},"end":{"line":123,"column":33}},"66":{"start":{"line":124,"column":70},"end":{"line":124,"column":78}},"67":{"start":{"line":126,"column":25},"end":{"line":126,"column":52}},"68":{"start":{"line":127,"column":8},"end":{"line":131,"column":9}},"69":{"start":{"line":128,"column":26},"end":{"line":128,"column":55}},"70":{"start":{"line":129,"column":12},"end":{"line":129,"column":49}},"71":{"start":{"line":130,"column":12},"end":{"line":130,"column":24}},"72":{"start":{"line":133,"column":8},"end":{"line":133,"column":85}},"73":{"start":{"line":134,"column":8},"end":{"line":149,"column":9}},"74":{"start":{"line":135,"column":12},"end":{"line":140,"column":13}},"75":{"start":{"line":136,"column":32},"end":{"line":136,"column":89}},"76":{"start":{"line":137,"column":16},"end":{"line":139,"column":17}},"77":{"start":{"line":138,"column":20},"end":{"line":138,"column":43}},"78":{"start":{"line":142,"column":24},"end":{"line":142,"column":59}},"79":{"start":{"line":143,"column":32},"end":{"line":143,"column":63}},"80":{"start":{"line":144,"column":28},"end":{"line":144,"column":79}},"81":{"start":{"line":146,"column":12},"end":{"line":146,"column":50}},"82":{"start":{"line":147,"column":12},"end":{"line":147,"column":64}},"83":{"start":{"line":148,"column":12},"end":{"line":148,"column":34}},"84":{"start":{"line":151,"column":29},"end":{"line":151,"column":46}},"85":{"start":{"line":152,"column":8},"end":{"line":152,"column":37}},"86":{"start":{"line":153,"column":8},"end":{"line":153,"column":79}},"87":{"start":{"line":154,"column":8},"end":{"line":154,"column":54}},"88":{"start":{"line":157,"column":8},"end":{"line":157,"column":20}},"89":{"start":{"line":161,"column":23},"end":{"line":185,"column":1}},"90":{"start":{"line":162,"column":4},"end":{"line":184,"column":5}},"91":{"start":{"line":163,"column":23},"end":{"line":163,"column":33}},"92":{"start":{"line":164,"column":25},"end":{"line":164,"column":52}},"93":{"start":{"line":166,"column":8},"end":{"line":170,"column":9}},"94":{"start":{"line":167,"column":26},"end":{"line":167,"column":55}},"95":{"start":{"line":168,"column":12},"end":{"line":168,"column":49}},"96":{"start":{"line":169,"column":12},"end":{"line":169,"column":24}},"97":{"start":{"line":172,"column":8},"end":{"line":177,"column":9}},"98":{"start":{"line":173,"column":30},"end":{"line":173,"column":67}},"99":{"start":{"line":174,"column":12},"end":{"line":176,"column":13}},"100":{"start":{"line":175,"column":16},"end":{"line":175,"column":41}},"101":{"start":{"line":178,"column":8},"end":{"line":178,"column":33}},"102":{"start":{"line":180,"column":8},"end":{"line":180,"column":79}},"103":{"start":{"line":183,"column":8},"end":{"line":183,"column":20}},"104":{"start":{"line":187,"column":33},"end":{"line":210,"column":1}},"105":{"start":{"line":188,"column":4},"end":{"line":209,"column":5}},"106":{"start":{"line":189,"column":31},"end":{"line":189,"column":39}},"107":{"start":{"line":191,"column":25},"end":{"line":191,"column":61}},"108":{"start":{"line":192,"column":8},"end":{"line":194,"column":9}},"109":{"start":{"line":193,"column":12},"end":{"line":193,"column":89}},"110":{"start":{"line":195,"column":8},"end":{"line":195,"column":47}},"111":{"start":{"line":197,"column":32},"end":{"line":204,"column":10}},"112":{"start":{"line":205,"column":8},"end":{"line":205,"column":66}},"113":{"start":{"line":208,"column":8},"end":{"line":208,"column":20}},"114":{"start":{"line":212,"column":34},"end":{"line":234,"column":1}},"115":{"start":{"line":213,"column":4},"end":{"line":233,"column":5}},"116":{"start":{"line":214,"column":31},"end":{"line":214,"column":39}},"117":{"start":{"line":216,"column":25},"end":{"line":216,"column":61}},"118":{"start":{"line":217,"column":8},"end":{"line":219,"column":9}},"119":{"start":{"line":218,"column":12},"end":{"line":218,"column":89}},"120":{"start":{"line":220,"column":8},"end":{"line":220,"column":50}},"121":{"start":{"line":221,"column":32},"end":{"line":228,"column":10}},"122":{"start":{"line":229,"column":8},"end":{"line":229,"column":74}},"123":{"start":{"line":232,"column":8},"end":{"line":232,"column":20}},"124":{"start":{"line":236,"column":0},"end":{"line":244,"column":2}}},"fnMap":{"0":{"name":"(anonymous_0)","decl":{"start":{"line":13,"column":24},"end":{"line":13,"column":25}},"loc":{"start":{"line":13,"column":50},"end":{"line":64,"column":1}},"line":13},"1":{"name":"(anonymous_1)","decl":{"start":{"line":26,"column":72},"end":{"line":26,"column":73}},"loc":{"start":{"line":26,"column":78},"end":{"line":26,"column":88}},"line":26},"2":{"name":"(anonymous_2)","decl":{"start":{"line":38,"column":72},"end":{"line":38,"column":73}},"loc":{"start":{"line":38,"column":78},"end":{"line":38,"column":88}},"line":38},"3":{"name":"(anonymous_3)","decl":{"start":{"line":53,"column":51},"end":{"line":53,"column":52}},"loc":{"start":{"line":53,"column":58},"end":{"line":58,"column":9}},"line":53},"4":{"name":"(anonymous_4)","decl":{"start":{"line":66,"column":20},"end":{"line":66,"column":21}},"loc":{"start":{"line":66,"column":46},"end":{"line":92,"column":1}},"line":66},"5":{"name":"(anonymous_5)","decl":{"start":{"line":94,"column":23},"end":{"line":94,"column":24}},"loc":{"start":{"line":94,"column":49},"end":{"line":119,"column":1}},"line":94},"6":{"name":"(anonymous_6)","decl":{"start":{"line":121,"column":23},"end":{"line":121,"column":24}},"loc":{"start":{"line":121,"column":49},"end":{"line":159,"column":1}},"line":121},"7":{"name":"(anonymous_7)","decl":{"start":{"line":161,"column":23},"end":{"line":161,"column":24}},"loc":{"start":{"line":161,"column":49},"end":{"line":185,"column":1}},"line":161},"8":{"name":"(anonymous_8)","decl":{"start":{"line":187,"column":33},"end":{"line":187,"column":34}},"loc":{"start":{"line":187,"column":59},"end":{"line":210,"column":1}},"line":187},"9":{"name":"(anonymous_9)","decl":{"start":{"line":212,"column":34},"end":{"line":212,"column":35}},"loc":{"start":{"line":212,"column":60},"end":{"line":234,"column":1}},"line":212}},"branchMap":{"0":{"loc":{"start":{"line":19,"column":8},"end":{"line":21,"column":9}},"type":"if","locations":[{"start":{"line":19,"column":8},"end":{"line":21,"column":9}},{"start":{},"end":{}}],"line":19},"1":{"loc":{"start":{"line":22,"column":8},"end":{"line":24,"column":9}},"type":"if","locations":[{"start":{"line":22,"column":8},"end":{"line":24,"column":9}},{"start":{},"end":{}}],"line":22},"2":{"loc":{"start":{"line":25,"column":8},"end":{"line":28,"column":9}},"type":"if","locations":[{"start":{"line":25,"column":8},"end":{"line":28,"column":9}},{"start":{},"end":{}}],"line":25},"3":{"loc":{"start":{"line":26,"column":31},"end":{"line":26,"column":111}},"type":"cond-expr","locations":[{"start":{"line":26,"column":58},"end":{"line":26,"column":89}},{"start":{"line":26,"column":92},"end":{"line":26,"column":111}}],"line":26},"4":{"loc":{"start":{"line":37,"column":8},"end":{"line":40,"column":9}},"type":"if","locations":[{"start":{"line":37,"column":8},"end":{"line":40,"column":9}},{"start":{},"end":{}}],"line":37},"5":{"loc":{"start":{"line":38,"column":31},"end":{"line":38,"column":111}},"type":"cond-expr","locations":[{"start":{"line":38,"column":58},"end":{"line":38,"column":89}},{"start":{"line":38,"column":92},"end":{"line":38,"column":111}}],"line":38},"6":{"loc":{"start":{"line":77,"column":8},"end":{"line":81,"column":9}},"type":"if","locations":[{"start":{"line":77,"column":8},"end":{"line":81,"column":9}},{"start":{},"end":{}}],"line":77},"7":{"loc":{"start":{"line":101,"column":8},"end":{"line":110,"column":9}},"type":"if","locations":[{"start":{"line":101,"column":8},"end":{"line":110,"column":9}},{"start":{},"end":{}}],"line":101},"8":{"loc":{"start":{"line":127,"column":8},"end":{"line":131,"column":9}},"type":"if","locations":[{"start":{"line":127,"column":8},"end":{"line":131,"column":9}},{"start":{},"end":{}}],"line":127},"9":{"loc":{"start":{"line":134,"column":8},"end":{"line":149,"column":9}},"type":"if","locations":[{"start":{"line":134,"column":8},"end":{"line":149,"column":9}},{"start":{},"end":{}}],"line":134},"10":{"loc":{"start":{"line":135,"column":12},"end":{"line":140,"column":13}},"type":"if","locations":[{"start":{"line":135,"column":12},"end":{"line":140,"column":13}},{"start":{},"end":{}}],"line":135},"11":{"loc":{"start":{"line":135,"column":16},"end":{"line":135,"column":82}},"type":"binary-expr","locations":[{"start":{"line":135,"column":16},"end":{"line":135,"column":39}},{"start":{"line":135,"column":43},"end":{"line":135,"column":82}}],"line":135},"12":{"loc":{"start":{"line":137,"column":16},"end":{"line":139,"column":17}},"type":"if","locations":[{"start":{"line":137,"column":16},"end":{"line":139,"column":17}},{"start":{},"end":{}}],"line":137},"13":{"loc":{"start":{"line":166,"column":8},"end":{"line":170,"column":9}},"type":"if","locations":[{"start":{"line":166,"column":8},"end":{"line":170,"column":9}},{"start":{},"end":{}}],"line":166},"14":{"loc":{"start":{"line":172,"column":8},"end":{"line":177,"column":9}},"type":"if","locations":[{"start":{"line":172,"column":8},"end":{"line":177,"column":9}},{"start":{},"end":{}}],"line":172},"15":{"loc":{"start":{"line":172,"column":12},"end":{"line":172,"column":78}},"type":"binary-expr","locations":[{"start":{"line":172,"column":12},"end":{"line":172,"column":35}},{"start":{"line":172,"column":39},"end":{"line":172,"column":78}}],"line":172},"16":{"loc":{"start":{"line":174,"column":12},"end":{"line":176,"column":13}},"type":"if","locations":[{"start":{"line":174,"column":12},"end":{"line":176,"column":13}},{"start":{},"end":{}}],"line":174},"17":{"loc":{"start":{"line":192,"column":8},"end":{"line":194,"column":9}},"type":"if","locations":[{"start":{"line":192,"column":8},"end":{"line":194,"column":9}},{"start":{},"end":{}}],"line":192},"18":{"loc":{"start":{"line":217,"column":8},"end":{"line":219,"column":9}},"type":"if","locations":[{"start":{"line":217,"column":8},"end":{"line":219,"column":9}},{"start":{},"end":{}}],"line":217}},"s":{"0":3,"1":3,"2":3,"3":3,"4":3,"5":3,"6":3,"7":3,"8":3,"9":3,"10":3,"11":13,"12":13,"13":13,"14":13,"15":2,"16":13,"17":1,"18":13,"19":3,"20":4,"21":3,"22":13,"23":13,"24":2,"25":2,"26":2,"27":13,"28":12,"29":16,"30":16,"31":16,"32":16,"33":12,"34":1,"35":3,"36":5,"37":5,"38":5,"39":4,"40":2,"41":2,"42":2,"43":2,"44":2,"45":2,"46":2,"47":3,"48":3,"49":6,"50":6,"51":6,"52":4,"53":1,"54":1,"55":1,"56":1,"57":1,"58":1,"59":4,"60":4,"61":4,"62":2,"63":3,"64":8,"65":8,"66":8,"67":8,"68":7,"69":3,"70":3,"71":3,"72":4,"73":4,"74":1,"75":1,"76":1,"77":1,"78":1,"79":1,"80":1,"81":1,"82":1,"83":1,"84":4,"85":4,"86":4,"87":4,"88":4,"89":3,"90":4,"91":4,"92":4,"93":4,"94":2,"95":2,"96":2,"97":2,"98":0,"99":0,"100":0,"101":2,"102":2,"103":2,"104":3,"105":2,"106":2,"107":2,"108":2,"109":1,"110":1,"111":1,"112":1,"113":0,"114":3,"115":2,"116":2,"117":2,"118":2,"119":1,"120":1,"121":1,"122":1,"123":0,"124":3},"f":{"0":13,"1":4,"2":2,"3":16,"4":5,"5":6,"6":8,"7":4,"8":2,"9":2},"b":{"0":[2,11],"1":[1,12],"2":[3,10],"3":[2,1],"4":[2,11],"5":[1,1],"6":[2,2],"7":[1,3],"8":[3,4],"9":[1,3],"10":[1,0],"11":[1,1],"12":[1,0],"13":[2,2],"14":[0,2],"15":[2,1],"16":[0,0],"17":[1,1],"18":[1,1]},"inputSourceMap":null,"_coverageSchema":"1a1c01bbd47fc00a2c39e90264f33305004495a9","hash":"6134f445c92e6c2f457d67e51b17063f21ad7fc0"}
,"/Users/pablo.valle/Projects/PABLO-staffManager-v01/src/libs/jwtHelper.js": {"path":"/Users/pablo.valle/Projects/PABLO-staffManager-v01/src/libs/jwtHelper.js","statementMap":{"0":{"start":{"line":1,"column":12},"end":{"line":1,"column":35}},"1":{"start":{"line":2,"column":17},"end":{"line":2,"column":59}},"2":{"start":{"line":4,"column":20},"end":{"line":4,"column":61}},"3":{"start":{"line":4,"column":31},"end":{"line":4,"column":61}},"4":{"start":{"line":5,"column":19},"end":{"line":5,"column":85}},"5":{"start":{"line":5,"column":29},"end":{"line":5,"column":85}},"6":{"start":{"line":7,"column":19},"end":{"line":18,"column":1}},"7":{"start":{"line":10,"column":8},"end":{"line":10,"column":12}},"8":{"start":{"line":12,"column":22},"end":{"line":16,"column":5}},"9":{"start":{"line":17,"column":4},"end":{"line":17,"column":33}},"10":{"start":{"line":20,"column":0},"end":{"line":24,"column":1}}},"fnMap":{"0":{"name":"(anonymous_0)","decl":{"start":{"line":4,"column":20},"end":{"line":4,"column":21}},"loc":{"start":{"line":4,"column":31},"end":{"line":4,"column":61}},"line":4},"1":{"name":"(anonymous_1)","decl":{"start":{"line":5,"column":19},"end":{"line":5,"column":20}},"loc":{"start":{"line":5,"column":29},"end":{"line":5,"column":85}},"line":5},"2":{"name":"(anonymous_2)","decl":{"start":{"line":7,"column":19},"end":{"line":7,"column":20}},"loc":{"start":{"line":7,"column":29},"end":{"line":18,"column":1}},"line":7}},"branchMap":{},"s":{"0":3,"1":3,"2":3,"3":0,"4":3,"5":0,"6":3,"7":0,"8":0,"9":0,"10":3},"f":{"0":0,"1":0,"2":0},"b":{},"inputSourceMap":null,"_coverageSchema":"1a1c01bbd47fc00a2c39e90264f33305004495a9","hash":"e450c3104b2209bb4c13f92edd52a6ad4f327fe1"}
,"/Users/pablo.valle/Projects/PABLO-staffManager-v01/src/middlewares/authHandler.js": {"path":"/Users/pablo.valle/Projects/PABLO-staffManager-v01/src/middlewares/authHandler.js","statementMap":{"0":{"start":{"line":1,"column":24},"end":{"line":1,"column":52}},"1":{"start":{"line":2,"column":41},"end":{"line":2,"column":69}},"2":{"start":{"line":4,"column":17},"end":{"line":4,"column":94}},"3":{"start":{"line":4,"column":26},"end":{"line":4,"column":94}},"4":{"start":{"line":6,"column":20},"end":{"line":19,"column":1}},"5":{"start":{"line":7,"column":18},"end":{"line":7,"column":31}},"6":{"start":{"line":9,"column":4},"end":{"line":11,"column":5}},"7":{"start":{"line":10,"column":8},"end":{"line":10,"column":111}},"8":{"start":{"line":12,"column":4},"end":{"line":18,"column":5}},"9":{"start":{"line":13,"column":21},"end":{"line":13,"column":39}},"10":{"start":{"line":14,"column":8},"end":{"line":14,"column":24}},"11":{"start":{"line":15,"column":8},"end":{"line":15,"column":15}},"12":{"start":{"line":17,"column":8},"end":{"line":17,"column":105}},"13":{"start":{"line":21,"column":0},"end":{"line":21,"column":29}}},"fnMap":{"0":{"name":"(anonymous_0)","decl":{"start":{"line":4,"column":17},"end":{"line":4,"column":18}},"loc":{"start":{"line":4,"column":26},"end":{"line":4,"column":94}},"line":4},"1":{"name":"(anonymous_1)","decl":{"start":{"line":6,"column":20},"end":{"line":6,"column":21}},"loc":{"start":{"line":6,"column":40},"end":{"line":19,"column":1}},"line":6}},"branchMap":{"0":{"loc":{"start":{"line":4,"column":26},"end":{"line":4,"column":94}},"type":"binary-expr","locations":[{"start":{"line":4,"column":26},"end":{"line":4,"column":51}},{"start":{"line":4,"column":55},"end":{"line":4,"column":94}}],"line":4},"1":{"loc":{"start":{"line":9,"column":4},"end":{"line":11,"column":5}},"type":"if","locations":[{"start":{"line":9,"column":4},"end":{"line":11,"column":5}},{"start":{},"end":{}}],"line":9}},"s":{"0":1,"1":1,"2":1,"3":0,"4":1,"5":0,"6":0,"7":0,"8":0,"9":0,"10":0,"11":0,"12":0,"13":1},"f":{"0":0,"1":0},"b":{"0":[0,0],"1":[0,0]},"inputSourceMap":null,"_coverageSchema":"1a1c01bbd47fc00a2c39e90264f33305004495a9","hash":"3466637ec44e8621f445997a9c9ad8089e86c597"}
,"/Users/pablo.valle/Projects/PABLO-staffManager-v01/src/middlewares/errorHandler.js": {"path":"/Users/pablo.valle/Projects/PABLO-staffManager-v01/src/middlewares/errorHandler.js","statementMap":{"0":{"start":{"line":1,"column":15},"end":{"line":1,"column":34}},"1":{"start":{"line":3,"column":24},"end":{"line":3,"column":52}},"2":{"start":{"line":5,"column":21},"end":{"line":29,"column":1}},"3":{"start":{"line":7,"column":4},"end":{"line":7,"column":70}},"4":{"start":{"line":9,"column":4},"end":{"line":14,"column":5}},"5":{"start":{"line":10,"column":8},"end":{"line":13,"column":11}},"6":{"start":{"line":16,"column":4},"end":{"line":18,"column":5}},"7":{"start":{"line":17,"column":8},"end":{"line":17,"column":89}},"8":{"start":{"line":20,"column":4},"end":{"line":22,"column":5}},"9":{"start":{"line":21,"column":8},"end":{"line":21,"column":81}},"10":{"start":{"line":24,"column":4},"end":{"line":26,"column":5}},"11":{"start":{"line":25,"column":8},"end":{"line":25,"column":80}},"12":{"start":{"line":28,"column":4},"end":{"line":28,"column":101}},"13":{"start":{"line":31,"column":0},"end":{"line":31,"column":30}}},"fnMap":{"0":{"name":"(anonymous_0)","decl":{"start":{"line":5,"column":21},"end":{"line":5,"column":22}},"loc":{"start":{"line":5,"column":46},"end":{"line":29,"column":1}},"line":5}},"branchMap":{"0":{"loc":{"start":{"line":9,"column":4},"end":{"line":14,"column":5}},"type":"if","locations":[{"start":{"line":9,"column":4},"end":{"line":14,"column":5}},{"start":{},"end":{}}],"line":9},"1":{"loc":{"start":{"line":9,"column":7},"end":{"line":9,"column":60}},"type":"binary-expr","locations":[{"start":{"line":9,"column":7},"end":{"line":9,"column":45}},{"start":{"line":9,"column":49},"end":{"line":9,"column":60}}],"line":9},"2":{"loc":{"start":{"line":16,"column":4},"end":{"line":18,"column":5}},"type":"if","locations":[{"start":{"line":16,"column":4},"end":{"line":18,"column":5}},{"start":{},"end":{}}],"line":16},"3":{"loc":{"start":{"line":20,"column":4},"end":{"line":22,"column":5}},"type":"if","locations":[{"start":{"line":20,"column":4},"end":{"line":22,"column":5}},{"start":{},"end":{}}],"line":20},"4":{"loc":{"start":{"line":24,"column":4},"end":{"line":26,"column":5}},"type":"if","locations":[{"start":{"line":24,"column":4},"end":{"line":26,"column":5}},{"start":{},"end":{}}],"line":24},"5":{"loc":{"start":{"line":28,"column":22},"end":{"line":28,"column":69}},"type":"binary-expr","locations":[{"start":{"line":28,"column":22},"end":{"line":28,"column":32}},{"start":{"line":28,"column":36},"end":{"line":28,"column":69}}],"line":28}},"s":{"0":3,"1":3,"2":3,"3":7,"4":7,"5":2,"6":5,"7":1,"8":4,"9":0,"10":4,"11":0,"12":4,"13":3},"f":{"0":7},"b":{"0":[2,5],"1":[7,2],"2":[1,4],"3":[0,4],"4":[0,4],"5":[4,0]},"inputSourceMap":null,"_coverageSchema":"1a1c01bbd47fc00a2c39e90264f33305004495a9","hash":"d5d5fe532ac8cafb2c272f5d05d72da8048f4147"}
,"/Users/pablo.valle/Projects/PABLO-staffManager-v01/src/middlewares/logger.js": {"path":"/Users/pablo.valle/Projects/PABLO-staffManager-v01/src/middlewares/logger.js","statementMap":{"0":{"start":{"line":2,"column":15},"end":{"line":10,"column":1}},"1":{"start":{"line":4,"column":19},"end":{"line":4,"column":29}},"2":{"start":{"line":5,"column":16},"end":{"line":5,"column":31}},"3":{"start":{"line":6,"column":17},"end":{"line":6,"column":44}},"4":{"start":{"line":7,"column":4},"end":{"line":7,"column":46}},"5":{"start":{"line":8,"column":4},"end":{"line":8,"column":11}},"6":{"start":{"line":12,"column":0},"end":{"line":15,"column":1}},"7":{"start":{"line":13,"column":17},"end":{"line":13,"column":44}},"8":{"start":{"line":14,"column":4},"end":{"line":14,"column":49}},"9":{"start":{"line":17,"column":0},"end":{"line":20,"column":1}},"10":{"start":{"line":18,"column":17},"end":{"line":18,"column":44}},"11":{"start":{"line":19,"column":4},"end":{"line":19,"column":46}},"12":{"start":{"line":22,"column":0},"end":{"line":22,"column":24}}},"fnMap":{"0":{"name":"(anonymous_0)","decl":{"start":{"line":2,"column":15},"end":{"line":2,"column":16}},"loc":{"start":{"line":2,"column":35},"end":{"line":10,"column":1}},"line":2},"1":{"name":"(anonymous_1)","decl":{"start":{"line":12,"column":15},"end":{"line":12,"column":16}},"loc":{"start":{"line":12,"column":28},"end":{"line":15,"column":1}},"line":12},"2":{"name":"(anonymous_2)","decl":{"start":{"line":17,"column":14},"end":{"line":17,"column":15}},"loc":{"start":{"line":17,"column":27},"end":{"line":20,"column":1}},"line":17}},"branchMap":{},"s":{"0":4,"1":27,"2":27,"3":27,"4":27,"5":27,"6":4,"7":7,"8":7,"9":4,"10":0,"11":0,"12":4},"f":{"0":27,"1":7,"2":0},"b":{},"inputSourceMap":null,"_coverageSchema":"1a1c01bbd47fc00a2c39e90264f33305004495a9","hash":"23f4d3604fe0c9782632411dca2e4f9d945fc415"}
,"/Users/pablo.valle/Projects/PABLO-staffManager-v01/src/middlewares/upload.js": {"path":"/Users/pablo.valle/Projects/PABLO-staffManager-v01/src/middlewares/upload.js","statementMap":{"0":{"start":{"line":1,"column":15},"end":{"line":1,"column":32}},"1":{"start":{"line":2,"column":13},"end":{"line":2,"column":28}},"2":{"start":{"line":3,"column":11},"end":{"line":3,"column":24}},"3":{"start":{"line":5,"column":20},"end":{"line":5,"column":63}},"4":{"start":{"line":6,"column":24},"end":{"line":6,"column":39}},"5":{"start":{"line":7,"column":21},"end":{"line":7,"column":59}},"6":{"start":{"line":8,"column":24},"end":{"line":8,"column":43}},"7":{"start":{"line":9,"column":25},"end":{"line":9,"column":50}},"8":{"start":{"line":11,"column":0},"end":{"line":13,"column":1}},"9":{"start":{"line":12,"column":4},"end":{"line":12,"column":50}},"10":{"start":{"line":15,"column":16},"end":{"line":24,"column":2}},"11":{"start":{"line":17,"column":8},"end":{"line":17,"column":30}},"12":{"start":{"line":20,"column":20},"end":{"line":20,"column":51}},"13":{"start":{"line":21,"column":25},"end":{"line":21,"column":41}},"14":{"start":{"line":22,"column":8},"end":{"line":22,"column":27}},"15":{"start":{"line":26,"column":19},"end":{"line":36,"column":1}},"16":{"start":{"line":27,"column":16},"end":{"line":27,"column":61}},"17":{"start":{"line":28,"column":17},"end":{"line":28,"column":44}},"18":{"start":{"line":30,"column":4},"end":{"line":35,"column":5}},"19":{"start":{"line":31,"column":8},"end":{"line":31,"column":23}},"20":{"start":{"line":34,"column":8},"end":{"line":34,"column":36}},"21":{"start":{"line":38,"column":15},"end":{"line":40,"column":1}},"22":{"start":{"line":42,"column":15},"end":{"line":46,"column":2}},"23":{"start":{"line":48,"column":0},"end":{"line":48,"column":24}}},"fnMap":{"0":{"name":"(anonymous_0)","decl":{"start":{"line":16,"column":17},"end":{"line":16,"column":18}},"loc":{"start":{"line":16,"column":36},"end":{"line":18,"column":5}},"line":16},"1":{"name":"(anonymous_1)","decl":{"start":{"line":19,"column":14},"end":{"line":19,"column":15}},"loc":{"start":{"line":19,"column":33},"end":{"line":23,"column":5}},"line":19},"2":{"name":"(anonymous_2)","decl":{"start":{"line":26,"column":19},"end":{"line":26,"column":20}},"loc":{"start":{"line":26,"column":38},"end":{"line":36,"column":1}},"line":26}},"branchMap":{"0":{"loc":{"start":{"line":11,"column":0},"end":{"line":13,"column":1}},"type":"if","locations":[{"start":{"line":11,"column":0},"end":{"line":13,"column":1}},{"start":{},"end":{}}],"line":11},"1":{"loc":{"start":{"line":30,"column":4},"end":{"line":35,"column":5}},"type":"if","locations":[{"start":{"line":30,"column":4},"end":{"line":35,"column":5}},{"start":{"line":33,"column":9},"end":{"line":35,"column":5}}],"line":30},"2":{"loc":{"start":{"line":30,"column":7},"end":{"line":30,"column":63}},"type":"binary-expr","locations":[{"start":{"line":30,"column":7},"end":{"line":30,"column":32}},{"start":{"line":30,"column":36},"end":{"line":30,"column":63}}],"line":30}},"s":{"0":3,"1":3,"2":3,"3":3,"4":3,"5":3,"6":3,"7":3,"8":3,"9":0,"10":3,"11":0,"12":0,"13":0,"14":0,"15":3,"16":0,"17":0,"18":0,"19":0,"20":0,"21":3,"22":3,"23":3},"f":{"0":0,"1":0,"2":0},"b":{"0":[0,3],"1":[0,0],"2":[0,0]},"inputSourceMap":null,"_coverageSchema":"1a1c01bbd47fc00a2c39e90264f33305004495a9","hash":"3b2d26f6b44c370109441173cbcd50cd792ac0e7"}
,"/Users/pablo.valle/Projects/PABLO-staffManager-v01/src/middlewares/validate.js": {"path":"/Users/pablo.valle/Projects/PABLO-staffManager-v01/src/middlewares/validate.js","statementMap":{"0":{"start":{"line":1,"column":24},"end":{"line":1,"column":52}},"1":{"start":{"line":3,"column":19},"end":{"line":32,"column":1}},"2":{"start":{"line":4,"column":4},"end":{"line":31,"column":5}},"3":{"start":{"line":5,"column":23},"end":{"line":5,"column":25}},"4":{"start":{"line":6,"column":8},"end":{"line":22,"column":11}},"5":{"start":{"line":7,"column":12},"end":{"line":21,"column":13}},"6":{"start":{"line":8,"column":16},"end":{"line":10,"column":17}},"7":{"start":{"line":9,"column":20},"end":{"line":9,"column":62}},"8":{"start":{"line":11,"column":39},"end":{"line":11,"column":112}},"9":{"start":{"line":12,"column":16},"end":{"line":20,"column":17}},"10":{"start":{"line":13,"column":20},"end":{"line":17,"column":25}},"11":{"start":{"line":13,"column":59},"end":{"line":17,"column":21}},"12":{"start":{"line":19,"column":20},"end":{"line":19,"column":40}},"13":{"start":{"line":24,"column":8},"end":{"line":29,"column":9}},"14":{"start":{"line":25,"column":24},"end":{"line":25,"column":53}},"15":{"start":{"line":26,"column":12},"end":{"line":26,"column":49}},"16":{"start":{"line":27,"column":12},"end":{"line":27,"column":33}},"17":{"start":{"line":28,"column":12},"end":{"line":28,"column":29}},"18":{"start":{"line":30,"column":8},"end":{"line":30,"column":15}},"19":{"start":{"line":34,"column":0},"end":{"line":34,"column":28}}},"fnMap":{"0":{"name":"(anonymous_0)","decl":{"start":{"line":3,"column":19},"end":{"line":3,"column":20}},"loc":{"start":{"line":3,"column":32},"end":{"line":32,"column":1}},"line":3},"1":{"name":"(anonymous_1)","decl":{"start":{"line":4,"column":11},"end":{"line":4,"column":12}},"loc":{"start":{"line":4,"column":31},"end":{"line":31,"column":5}},"line":4},"2":{"name":"(anonymous_2)","decl":{"start":{"line":6,"column":44},"end":{"line":6,"column":45}},"loc":{"start":{"line":6,"column":54},"end":{"line":22,"column":9}},"line":6},"3":{"name":"(anonymous_3)","decl":{"start":{"line":13,"column":53},"end":{"line":13,"column":54}},"loc":{"start":{"line":13,"column":59},"end":{"line":17,"column":21}},"line":13}},"branchMap":{"0":{"loc":{"start":{"line":7,"column":12},"end":{"line":21,"column":13}},"type":"if","locations":[{"start":{"line":7,"column":12},"end":{"line":21,"column":13}},{"start":{},"end":{}}],"line":7},"1":{"loc":{"start":{"line":8,"column":16},"end":{"line":10,"column":17}},"type":"if","locations":[{"start":{"line":8,"column":16},"end":{"line":10,"column":17}},{"start":{},"end":{}}],"line":8},"2":{"loc":{"start":{"line":8,"column":19},"end":{"line":8,"column":106}},"type":"binary-expr","locations":[{"start":{"line":8,"column":19},"end":{"line":8,"column":36}},{"start":{"line":8,"column":40},"end":{"line":8,"column":48}},{"start":{"line":8,"column":52},"end":{"line":8,"column":87}},{"start":{"line":8,"column":91},"end":{"line":8,"column":106}}],"line":8},"3":{"loc":{"start":{"line":12,"column":16},"end":{"line":20,"column":17}},"type":"if","locations":[{"start":{"line":12,"column":16},"end":{"line":20,"column":17}},{"start":{"line":18,"column":23},"end":{"line":20,"column":17}}],"line":12},"4":{"loc":{"start":{"line":24,"column":8},"end":{"line":29,"column":9}},"type":"if","locations":[{"start":{"line":24,"column":8},"end":{"line":29,"column":9}},{"start":{},"end":{}}],"line":24}},"s":{"0":3,"1":3,"2":30,"3":18,"4":18,"5":54,"6":22,"7":0,"8":22,"9":22,"10":2,"11":6,"12":20,"13":18,"14":2,"15":2,"16":2,"17":2,"18":16,"19":3},"f":{"0":30,"1":18,"2":54,"3":6},"b":{"0":[22,32],"1":[0,22],"2":[22,8,8,0],"3":[2,20],"4":[2,16]},"inputSourceMap":null,"_coverageSchema":"1a1c01bbd47fc00a2c39e90264f33305004495a9","hash":"e0edc364ed58af0afe20236803074369eb555869"}
,"/Users/pablo.valle/Projects/PABLO-staffManager-v01/src/routes/auth.js": {"path":"/Users/pablo.valle/Projects/PABLO-staffManager-v01/src/routes/auth.js","statementMap":{"0":{"start":{"line":1,"column":16},"end":{"line":1,"column":34}},"1":{"start":{"line":2,"column":15},"end":{"line":2,"column":31}},"2":{"start":{"line":3,"column":18},"end":{"line":3,"column":48}},"3":{"start":{"line":4,"column":17},"end":{"line":4,"column":51}},"4":{"start":{"line":6,"column":34},"end":{"line":6,"column":79}},"5":{"start":{"line":8,"column":0},"end":{"line":8,"column":74}},"6":{"start":{"line":11,"column":0},"end":{"line":11,"column":24}}},"fnMap":{},"branchMap":{},"s":{"0":3,"1":3,"2":3,"3":3,"4":3,"5":3,"6":3},"f":{},"b":{},"inputSourceMap":null,"_coverageSchema":"1a1c01bbd47fc00a2c39e90264f33305004495a9","hash":"5bdaf1487ac16bc136ac47399c5e2e0c6e9217ba"}
,"/Users/pablo.valle/Projects/PABLO-staffManager-v01/src/routes/company.js": {"path":"/Users/pablo.valle/Projects/PABLO-staffManager-v01/src/routes/company.js","statementMap":{"0":{"start":{"line":1,"column":16},"end":{"line":1,"column":34}},"1":{"start":{"line":3,"column":17},"end":{"line":3,"column":51}},"2":{"start":{"line":5,"column":22},"end":{"line":5,"column":66}},"3":{"start":{"line":6,"column":28},"end":{"line":6,"column":77}},"4":{"start":{"line":8,"column":15},"end":{"line":8,"column":31}},"5":{"start":{"line":13,"column":4},"end":{"line":13,"column":37}},"6":{"start":{"line":15,"column":0},"end":{"line":15,"column":74}},"7":{"start":{"line":16,"column":0},"end":{"line":16,"column":66}},"8":{"start":{"line":18,"column":0},"end":{"line":18,"column":24}}},"fnMap":{},"branchMap":{},"s":{"0":3,"1":3,"2":3,"3":3,"4":3,"5":3,"6":3,"7":3,"8":3},"f":{},"b":{},"inputSourceMap":null,"_coverageSchema":"1a1c01bbd47fc00a2c39e90264f33305004495a9","hash":"35e459fa31a21fceafb50c04cf284b0a359f80a8"}
,"/Users/pablo.valle/Projects/PABLO-staffManager-v01/src/routes/employee.js": {"path":"/Users/pablo.valle/Projects/PABLO-staffManager-v01/src/routes/employee.js","statementMap":{"0":{"start":{"line":1,"column":16},"end":{"line":1,"column":34}},"1":{"start":{"line":3,"column":15},"end":{"line":3,"column":47}},"2":{"start":{"line":4,"column":17},"end":{"line":4,"column":51}},"3":{"start":{"line":6,"column":29},"end":{"line":6,"column":79}},"4":{"start":{"line":7,"column":22},"end":{"line":7,"column":66}},"5":{"start":{"line":8,"column":29},"end":{"line":8,"column":79}},"6":{"start":{"line":9,"column":29},"end":{"line":9,"column":79}},"7":{"start":{"line":10,"column":26},"end":{"line":10,"column":76}},"8":{"start":{"line":11,"column":36},"end":{"line":11,"column":93}},"9":{"start":{"line":13,"column":15},"end":{"line":13,"column":31}},"10":{"start":{"line":23,"column":4},"end":{"line":23,"column":38}},"11":{"start":{"line":25,"column":0},"end":{"line":25,"column":74}},"12":{"start":{"line":26,"column":0},"end":{"line":26,"column":67}},"13":{"start":{"line":27,"column":0},"end":{"line":27,"column":106}},"14":{"start":{"line":28,"column":0},"end":{"line":28,"column":90}},"15":{"start":{"line":29,"column":0},"end":{"line":29,"column":108}},"16":{"start":{"line":30,"column":0},"end":{"line":33,"column":20}},"17":{"start":{"line":34,"column":0},"end":{"line":34,"column":73}},"18":{"start":{"line":36,"column":0},"end":{"line":36,"column":24}}},"fnMap":{},"branchMap":{},"s":{"0":3,"1":3,"2":3,"3":3,"4":3,"5":3,"6":3,"7":3,"8":3,"9":3,"10":3,"11":3,"12":3,"13":3,"14":3,"15":3,"16":3,"17":3,"18":3},"f":{},"b":{},"inputSourceMap":null,"_coverageSchema":"1a1c01bbd47fc00a2c39e90264f33305004495a9","hash":"b41244b3977a949856ea9eb319cc688867641089"}
,"/Users/pablo.valle/Projects/PABLO-staffManager-v01/src/utils/getImageUrl.js": {"path":"/Users/pablo.valle/Projects/PABLO-staffManager-v01/src/utils/getImageUrl.js","statementMap":{"0":{"start":{"line":2,"column":0},"end":{"line":2,"column":27}},"1":{"start":{"line":5,"column":4},"end":{"line":5,"column":36}},"2":{"start":{"line":5,"column":24},"end":{"line":5,"column":36}},"3":{"start":{"line":7,"column":4},"end":{"line":7,"column":54}},"4":{"start":{"line":10,"column":0},"end":{"line":10,"column":29}}},"fnMap":{"0":{"name":"getImageUrl","decl":{"start":{"line":4,"column":9},"end":{"line":4,"column":20}},"loc":{"start":{"line":4,"column":36},"end":{"line":8,"column":1}},"line":4}},"branchMap":{"0":{"loc":{"start":{"line":5,"column":4},"end":{"line":5,"column":36}},"type":"if","locations":[{"start":{"line":5,"column":4},"end":{"line":5,"column":36}},{"start":{},"end":{}}],"line":5}},"s":{"0":1,"1":6,"2":0,"3":6,"4":1},"f":{"0":6},"b":{"0":[0,6]},"inputSourceMap":null,"_coverageSchema":"1a1c01bbd47fc00a2c39e90264f33305004495a9","hash":"b244321a0dd72ca624fd91af4233267729a6737f"}
,"/Users/pablo.valle/Projects/PABLO-staffManager-v01/src/validations/assignProjectsValidation.js": {"path":"/Users/pablo.valle/Projects/PABLO-staffManager-v01/src/validations/assignProjectsValidation.js","statementMap":{"0":{"start":{"line":1,"column":12},"end":{"line":1,"column":26}},"1":{"start":{"line":3,"column":29},"end":{"line":12,"column":2}},"2":{"start":{"line":14,"column":0},"end":{"line":14,"column":38}}},"fnMap":{},"branchMap":{},"s":{"0":3,"1":3,"2":3},"f":{},"b":{},"inputSourceMap":null,"_coverageSchema":"1a1c01bbd47fc00a2c39e90264f33305004495a9","hash":"cd25df5cc902ca6f3d60ec2db8e683a3c6880345"}
,"/Users/pablo.valle/Projects/PABLO-staffManager-v01/src/validations/createEmployeeValidation.js": {"path":"/Users/pablo.valle/Projects/PABLO-staffManager-v01/src/validations/createEmployeeValidation.js","statementMap":{"0":{"start":{"line":1,"column":24},"end":{"line":1,"column":85}},"1":{"start":{"line":3,"column":12},"end":{"line":3,"column":26}},"2":{"start":{"line":5,"column":29},"end":{"line":38,"column":2}},"3":{"start":{"line":40,"column":0},"end":{"line":40,"column":39}}},"fnMap":{},"branchMap":{},"s":{"0":3,"1":3,"2":3,"3":3},"f":{},"b":{},"inputSourceMap":null,"_coverageSchema":"1a1c01bbd47fc00a2c39e90264f33305004495a9","hash":"a4b1d35b15d0039bc4c5d9cd3fb8b1a09e182f27"}
,"/Users/pablo.valle/Projects/PABLO-staffManager-v01/src/validations/idParamsValidation.js": {"path":"/Users/pablo.valle/Projects/PABLO-staffManager-v01/src/validations/idParamsValidation.js","statementMap":{"0":{"start":{"line":1,"column":12},"end":{"line":1,"column":26}},"1":{"start":{"line":3,"column":22},"end":{"line":11,"column":2}},"2":{"start":{"line":13,"column":0},"end":{"line":13,"column":31}}},"fnMap":{},"branchMap":{},"s":{"0":3,"1":3,"2":3},"f":{},"b":{},"inputSourceMap":null,"_coverageSchema":"1a1c01bbd47fc00a2c39e90264f33305004495a9","hash":"c155600773bfefae0c6281163b74416a72723f68"}
,"/Users/pablo.valle/Projects/PABLO-staffManager-v01/src/validations/loginBodyValidation.js": {"path":"/Users/pablo.valle/Projects/PABLO-staffManager-v01/src/validations/loginBodyValidation.js","statementMap":{"0":{"start":{"line":1,"column":16},"end":{"line":1,"column":45}},"1":{"start":{"line":3,"column":28},"end":{"line":15,"column":2}},"2":{"start":{"line":17,"column":0},"end":{"line":17,"column":37}}},"fnMap":{},"branchMap":{},"s":{"0":3,"1":3,"2":3},"f":{},"b":{},"inputSourceMap":null,"_coverageSchema":"1a1c01bbd47fc00a2c39e90264f33305004495a9","hash":"b981555ed00603ef06eac661811f09351dc9182c"}
,"/Users/pablo.valle/Projects/PABLO-staffManager-v01/src/validations/removeProjectsEmployeValidation.js": {"path":"/Users/pablo.valle/Projects/PABLO-staffManager-v01/src/validations/removeProjectsEmployeValidation.js","statementMap":{"0":{"start":{"line":1,"column":12},"end":{"line":1,"column":26}},"1":{"start":{"line":3,"column":36},"end":{"line":12,"column":2}},"2":{"start":{"line":14,"column":0},"end":{"line":14,"column":45}}},"fnMap":{},"branchMap":{},"s":{"0":3,"1":3,"2":3},"f":{},"b":{},"inputSourceMap":null,"_coverageSchema":"1a1c01bbd47fc00a2c39e90264f33305004495a9","hash":"a0c5c78da5a9cbd6012be40cc49711c3c69070e2"}
,"/Users/pablo.valle/Projects/PABLO-staffManager-v01/src/validations/searchCompanyValidation.js": {"path":"/Users/pablo.valle/Projects/PABLO-staffManager-v01/src/validations/searchCompanyValidation.js","statementMap":{"0":{"start":{"line":1,"column":12},"end":{"line":1,"column":26}},"1":{"start":{"line":3,"column":32},"end":{"line":13,"column":2}},"2":{"start":{"line":15,"column":0},"end":{"line":15,"column":41}}},"fnMap":{},"branchMap":{},"s":{"0":3,"1":3,"2":3},"f":{},"b":{},"inputSourceMap":null,"_coverageSchema":"1a1c01bbd47fc00a2c39e90264f33305004495a9","hash":"7cb243cf9ea38cf2cd2d0c2351e054e4b5b001a6"}
,"/Users/pablo.valle/Projects/PABLO-staffManager-v01/src/validations/searchEmployeeValidation.js": {"path":"/Users/pablo.valle/Projects/PABLO-staffManager-v01/src/validations/searchEmployeeValidation.js","statementMap":{"0":{"start":{"line":1,"column":16},"end":{"line":1,"column":45}},"1":{"start":{"line":3,"column":33},"end":{"line":22,"column":2}},"2":{"start":{"line":24,"column":0},"end":{"line":24,"column":42}}},"fnMap":{},"branchMap":{},"s":{"0":3,"1":3,"2":3},"f":{},"b":{},"inputSourceMap":null,"_coverageSchema":"1a1c01bbd47fc00a2c39e90264f33305004495a9","hash":"75be26f435b8294c8e5784d2a2f4e623d9cb080e"}
,"/Users/pablo.valle/Projects/PABLO-staffManager-v01/src/validations/updateEmployeeValidation.js": {"path":"/Users/pablo.valle/Projects/PABLO-staffManager-v01/src/validations/updateEmployeeValidation.js","statementMap":{"0":{"start":{"line":1,"column":24},"end":{"line":1,"column":85}},"1":{"start":{"line":3,"column":12},"end":{"line":3,"column":26}},"2":{"start":{"line":5,"column":29},"end":{"line":32,"column":6}},"3":{"start":{"line":34,"column":0},"end":{"line":34,"column":38}}},"fnMap":{},"branchMap":{},"s":{"0":3,"1":3,"2":3,"3":3},"f":{},"b":{},"inputSourceMap":null,"_coverageSchema":"1a1c01bbd47fc00a2c39e90264f33305004495a9","hash":"2a617d3cc13e3c38fdf17923a73e267112521847"}
}
