{"/Users/pablo.valle/Projects/PABLO-staffManager-v01/app.js": {"path":"/Users/pablo.valle/Projects/PABLO-staffManager-v01/app.js","statementMap":{"0":{"start":{"line":2,"column":16},"end":{"line":2,"column":34}},"1":{"start":{"line":3,"column":13},"end":{"line":3,"column":28}},"2":{"start":{"line":4,"column":12},"end":{"line":4,"column":21}},"3":{"start":{"line":5,"column":18},"end":{"line":5,"column":47}},"4":{"start":{"line":6,"column":13},"end":{"line":6,"column":30}},"5":{"start":{"line":8,"column":24},"end":{"line":8,"column":58}},"6":{"start":{"line":10,"column":15},"end":{"line":10,"column":50}},"7":{"start":{"line":11,"column":21},"end":{"line":11,"column":62}},"8":{"start":{"line":12,"column":20},"end":{"line":12,"column":60}},"9":{"start":{"line":14,"column":23},"end":{"line":14,"column":55}},"10":{"start":{"line":15,"column":22},"end":{"line":15,"column":53}},"11":{"start":{"line":16,"column":18},"end":{"line":16,"column":46}},"12":{"start":{"line":18,"column":0},"end":{"line":18,"column":47}},"13":{"start":{"line":19,"column":0},"end":{"line":19,"column":24}},"14":{"start":{"line":20,"column":0},"end":{"line":20,"column":16}},"15":{"start":{"line":21,"column":0},"end":{"line":21,"column":72}},"16":{"start":{"line":23,"column":0},"end":{"line":23,"column":56}},"17":{"start":{"line":24,"column":0},"end":{"line":24,"column":69}},"18":{"start":{"line":26,"column":0},"end":{"line":26,"column":28}},"19":{"start":{"line":27,"column":0},"end":{"line":27,"column":51}},"20":{"start":{"line":28,"column":0},"end":{"line":28,"column":50}},"21":{"start":{"line":30,"column":0},"end":{"line":30,"column":22}},"22":{"start":{"line":32,"column":0},"end":{"line":32,"column":21}}},"fnMap":{},"branchMap":{},"s":{"0":2,"1":2,"2":2,"3":2,"4":2,"5":2,"6":2,"7":2,"8":2,"9":2,"10":2,"11":2,"12":2,"13":2,"14":2,"15":2,"16":2,"17":2,"18":2,"19":2,"20":2,"21":2,"22":2},"f":{},"b":{},"inputSourceMap":null,"_coverageSchema":"1a1c01bbd47fc00a2c39e90264f33305004495a9","hash":"6cfa650de8720a7b5c083ca2c97cd990b984bb96"}
,"/Users/pablo.valle/Projects/PABLO-staffManager-v01/config/config.js": {"path":"/Users/pablo.valle/Projects/PABLO-staffManager-v01/config/config.js","statementMap":{"0":{"start":{"line":1,"column":0},"end":{"line":1,"column":27}},"1":{"start":{"line":3,"column":0},"end":{"line":15,"column":1}}},"fnMap":{},"branchMap":{},"s":{"0":2,"1":2},"f":{},"b":{},"inputSourceMap":null,"_coverageSchema":"1a1c01bbd47fc00a2c39e90264f33305004495a9","hash":"5a8351b6897148120ac3512ada87819ed54444f7"}
,"/Users/pablo.valle/Projects/PABLO-staffManager-v01/src/controllers/auth.js": {"path":"/Users/pablo.valle/Projects/PABLO-staffManager-v01/src/controllers/auth.js","statementMap":{"0":{"start":{"line":1,"column":0},"end":{"line":1,"column":27}},"1":{"start":{"line":2,"column":21},"end":{"line":2,"column":44}},"2":{"start":{"line":3,"column":23},"end":{"line":3,"column":51}},"3":{"start":{"line":4,"column":15},"end":{"line":4,"column":32}},"4":{"start":{"line":5,"column":24},"end":{"line":5,"column":52}},"5":{"start":{"line":8,"column":14},"end":{"line":29,"column":1}},"6":{"start":{"line":9,"column":4},"end":{"line":28,"column":5}},"7":{"start":{"line":10,"column":36},"end":{"line":10,"column":44}},"8":{"start":{"line":11,"column":21},"end":{"line":11,"column":62}},"9":{"start":{"line":12,"column":8},"end":{"line":14,"column":9}},"10":{"start":{"line":13,"column":12},"end":{"line":13,"column":95}},"11":{"start":{"line":15,"column":8},"end":{"line":17,"column":9}},"12":{"start":{"line":16,"column":12},"end":{"line":16,"column":95}},"13":{"start":{"line":19,"column":22},"end":{"line":19,"column":38}},"14":{"start":{"line":21,"column":8},"end":{"line":24,"column":11}},"15":{"start":{"line":27,"column":8},"end":{"line":27,"column":20}},"16":{"start":{"line":31,"column":0},"end":{"line":31,"column":27}}},"fnMap":{"0":{"name":"(anonymous_0)","decl":{"start":{"line":8,"column":14},"end":{"line":8,"column":15}},"loc":{"start":{"line":8,"column":40},"end":{"line":29,"column":1}},"line":8}},"branchMap":{"0":{"loc":{"start":{"line":12,"column":8},"end":{"line":14,"column":9}},"type":"if","locations":[{"start":{"line":12,"column":8},"end":{"line":14,"column":9}},{"start":{},"end":{}}],"line":12},"1":{"loc":{"start":{"line":15,"column":8},"end":{"line":17,"column":9}},"type":"if","locations":[{"start":{"line":15,"column":8},"end":{"line":17,"column":9}},{"start":{},"end":{}}],"line":15}},"s":{"0":2,"1":2,"2":2,"3":2,"4":2,"5":2,"6":0,"7":0,"8":0,"9":0,"10":0,"11":0,"12":0,"13":0,"14":0,"15":0,"16":2},"f":{"0":0},"b":{"0":[0,0],"1":[0,0]},"inputSourceMap":null,"_coverageSchema":"1a1c01bbd47fc00a2c39e90264f33305004495a9","hash":"41cbc4750e51d9246057ba9b138635ca291aad17"}
,"/Users/pablo.valle/Projects/PABLO-staffManager-v01/src/controllers/company.js": {"path":"/Users/pablo.valle/Projects/PABLO-staffManager-v01/src/controllers/company.js","statementMap":{"0":{"start":{"line":1,"column":24},"end":{"line":1,"column":52}},"1":{"start":{"line":2,"column":30},"end":{"line":2,"column":53}},"2":{"start":{"line":3,"column":15},"end":{"line":3,"column":35}},"3":{"start":{"line":5,"column":24},"end":{"line":25,"column":1}},"4":{"start":{"line":6,"column":4},"end":{"line":24,"column":5}},"5":{"start":{"line":8,"column":32},"end":{"line":8,"column":41}},"6":{"start":{"line":9,"column":22},"end":{"line":9,"column":24}},"7":{"start":{"line":11,"column":8},"end":{"line":13,"column":9}},"8":{"start":{"line":12,"column":12},"end":{"line":12,"column":52}},"9":{"start":{"line":14,"column":8},"end":{"line":16,"column":9}},"10":{"start":{"line":15,"column":12},"end":{"line":15,"column":32}},"11":{"start":{"line":18,"column":26},"end":{"line":18,"column":56}},"12":{"start":{"line":20,"column":8},"end":{"line":20,"column":51}},"13":{"start":{"line":23,"column":8},"end":{"line":23,"column":20}},"14":{"start":{"line":27,"column":19},"end":{"line":45,"column":1}},"15":{"start":{"line":28,"column":4},"end":{"line":44,"column":5}},"16":{"start":{"line":29,"column":23},"end":{"line":29,"column":33}},"17":{"start":{"line":30,"column":24},"end":{"line":36,"column":10}},"18":{"start":{"line":37,"column":8},"end":{"line":39,"column":9}},"19":{"start":{"line":38,"column":12},"end":{"line":38,"column":92}},"20":{"start":{"line":41,"column":8},"end":{"line":41,"column":49}},"21":{"start":{"line":43,"column":8},"end":{"line":43,"column":20}},"22":{"start":{"line":47,"column":0},"end":{"line":50,"column":1}}},"fnMap":{"0":{"name":"(anonymous_0)","decl":{"start":{"line":5,"column":24},"end":{"line":5,"column":25}},"loc":{"start":{"line":5,"column":50},"end":{"line":25,"column":1}},"line":5},"1":{"name":"(anonymous_1)","decl":{"start":{"line":27,"column":19},"end":{"line":27,"column":20}},"loc":{"start":{"line":27,"column":45},"end":{"line":45,"column":1}},"line":27}},"branchMap":{"0":{"loc":{"start":{"line":11,"column":8},"end":{"line":13,"column":9}},"type":"if","locations":[{"start":{"line":11,"column":8},"end":{"line":13,"column":9}},{"start":{},"end":{}}],"line":11},"1":{"loc":{"start":{"line":14,"column":8},"end":{"line":16,"column":9}},"type":"if","locations":[{"start":{"line":14,"column":8},"end":{"line":16,"column":9}},{"start":{},"end":{}}],"line":14},"2":{"loc":{"start":{"line":37,"column":8},"end":{"line":39,"column":9}},"type":"if","locations":[{"start":{"line":37,"column":8},"end":{"line":39,"column":9}},{"start":{},"end":{}}],"line":37}},"s":{"0":2,"1":2,"2":2,"3":2,"4":0,"5":0,"6":0,"7":0,"8":0,"9":0,"10":0,"11":0,"12":0,"13":0,"14":2,"15":0,"16":0,"17":0,"18":0,"19":0,"20":0,"21":0,"22":2},"f":{"0":0,"1":0},"b":{"0":[0,0],"1":[0,0],"2":[0,0]},"inputSourceMap":null,"_coverageSchema":"1a1c01bbd47fc00a2c39e90264f33305004495a9","hash":"8a1bd366cef162a0e187504873ad1acfb4aebc96"}
,"/Users/pablo.valle/Projects/PABLO-staffManager-v01/src/controllers/employee.js": {"path":"/Users/pablo.valle/Projects/PABLO-staffManager-v01/src/controllers/employee.js","statementMap":{"0":{"start":{"line":1,"column":39},"end":{"line":1,"column":62}},"1":{"start":{"line":2,"column":24},"end":{"line":2,"column":52}},"2":{"start":{"line":3,"column":13},"end":{"line":3,"column":28}},"3":{"start":{"line":4,"column":11},"end":{"line":4,"column":24}},"4":{"start":{"line":5,"column":15},"end":{"line":5,"column":35}},"5":{"start":{"line":6,"column":20},"end":{"line":6,"column":51}},"6":{"start":{"line":7,"column":24},"end":{"line":7,"column":52}},"7":{"start":{"line":8,"column":24},"end":{"line":8,"column":74}},"8":{"start":{"line":10,"column":27},"end":{"line":10,"column":47}},"9":{"start":{"line":11,"column":25},"end":{"line":11,"column":43}},"10":{"start":{"line":12,"column":20},"end":{"line":12,"column":45}},"11":{"start":{"line":14,"column":24},"end":{"line":65,"column":1}},"12":{"start":{"line":15,"column":4},"end":{"line":64,"column":5}},"13":{"start":{"line":17,"column":54},"end":{"line":17,"column":63}},"14":{"start":{"line":18,"column":22},"end":{"line":18,"column":24}},"15":{"start":{"line":20,"column":8},"end":{"line":22,"column":9}},"16":{"start":{"line":21,"column":12},"end":{"line":21,"column":53}},"17":{"start":{"line":23,"column":8},"end":{"line":25,"column":9}},"18":{"start":{"line":24,"column":12},"end":{"line":24,"column":55}},"19":{"start":{"line":26,"column":8},"end":{"line":29,"column":9}},"20":{"start":{"line":27,"column":31},"end":{"line":27,"column":111}},"21":{"start":{"line":27,"column":78},"end":{"line":27,"column":88}},"22":{"start":{"line":28,"column":12},"end":{"line":28,"column":54}},"23":{"start":{"line":31,"column":31},"end":{"line":36,"column":9}},"24":{"start":{"line":38,"column":8},"end":{"line":41,"column":9}},"25":{"start":{"line":39,"column":31},"end":{"line":39,"column":111}},"26":{"start":{"line":39,"column":78},"end":{"line":39,"column":88}},"27":{"start":{"line":40,"column":12},"end":{"line":40,"column":67}},"28":{"start":{"line":43,"column":26},"end":{"line":52,"column":10}},"29":{"start":{"line":54,"column":37},"end":{"line":59,"column":10}},"30":{"start":{"line":55,"column":33},"end":{"line":55,"column":45}},"31":{"start":{"line":56,"column":12},"end":{"line":56,"column":41}},"32":{"start":{"line":57,"column":12},"end":{"line":57,"column":83}},"33":{"start":{"line":58,"column":12},"end":{"line":58,"column":32}},"34":{"start":{"line":61,"column":8},"end":{"line":61,"column":62}},"35":{"start":{"line":63,"column":8},"end":{"line":63,"column":20}},"36":{"start":{"line":67,"column":20},"end":{"line":93,"column":1}},"37":{"start":{"line":68,"column":4},"end":{"line":92,"column":5}},"38":{"start":{"line":69,"column":23},"end":{"line":69,"column":33}},"39":{"start":{"line":70,"column":25},"end":{"line":76,"column":10}},"40":{"start":{"line":78,"column":8},"end":{"line":82,"column":9}},"41":{"start":{"line":79,"column":26},"end":{"line":79,"column":55}},"42":{"start":{"line":80,"column":12},"end":{"line":80,"column":49}},"43":{"start":{"line":81,"column":12},"end":{"line":81,"column":24}},"44":{"start":{"line":84,"column":29},"end":{"line":84,"column":46}},"45":{"start":{"line":85,"column":8},"end":{"line":85,"column":37}},"46":{"start":{"line":86,"column":8},"end":{"line":86,"column":79}},"47":{"start":{"line":88,"column":8},"end":{"line":88,"column":54}},"48":{"start":{"line":91,"column":8},"end":{"line":91,"column":20}},"49":{"start":{"line":95,"column":23},"end":{"line":120,"column":1}},"50":{"start":{"line":96,"column":4},"end":{"line":119,"column":5}},"51":{"start":{"line":97,"column":81},"end":{"line":97,"column":89}},"52":{"start":{"line":98,"column":28},"end":{"line":101,"column":10}},"53":{"start":{"line":102,"column":8},"end":{"line":111,"column":9}},"54":{"start":{"line":103,"column":24},"end":{"line":103,"column":59}},"55":{"start":{"line":104,"column":32},"end":{"line":104,"column":66}},"56":{"start":{"line":105,"column":28},"end":{"line":105,"column":61}},"57":{"start":{"line":107,"column":12},"end":{"line":107,"column":50}},"58":{"start":{"line":109,"column":12},"end":{"line":109,"column":67}},"59":{"start":{"line":110,"column":12},"end":{"line":110,"column":37}},"60":{"start":{"line":113,"column":29},"end":{"line":113,"column":49}},"61":{"start":{"line":114,"column":8},"end":{"line":114,"column":79}},"62":{"start":{"line":116,"column":8},"end":{"line":116,"column":59}},"63":{"start":{"line":118,"column":8},"end":{"line":118,"column":20}},"64":{"start":{"line":122,"column":23},"end":{"line":160,"column":1}},"65":{"start":{"line":123,"column":4},"end":{"line":159,"column":5}},"66":{"start":{"line":124,"column":23},"end":{"line":124,"column":33}},"67":{"start":{"line":125,"column":70},"end":{"line":125,"column":78}},"68":{"start":{"line":127,"column":25},"end":{"line":127,"column":52}},"69":{"start":{"line":128,"column":8},"end":{"line":132,"column":9}},"70":{"start":{"line":129,"column":26},"end":{"line":129,"column":55}},"71":{"start":{"line":130,"column":12},"end":{"line":130,"column":49}},"72":{"start":{"line":131,"column":12},"end":{"line":131,"column":24}},"73":{"start":{"line":134,"column":8},"end":{"line":134,"column":85}},"74":{"start":{"line":135,"column":8},"end":{"line":150,"column":9}},"75":{"start":{"line":136,"column":12},"end":{"line":141,"column":13}},"76":{"start":{"line":137,"column":32},"end":{"line":137,"column":89}},"77":{"start":{"line":138,"column":16},"end":{"line":140,"column":17}},"78":{"start":{"line":139,"column":20},"end":{"line":139,"column":43}},"79":{"start":{"line":143,"column":24},"end":{"line":143,"column":59}},"80":{"start":{"line":144,"column":32},"end":{"line":144,"column":63}},"81":{"start":{"line":145,"column":28},"end":{"line":145,"column":79}},"82":{"start":{"line":147,"column":12},"end":{"line":147,"column":50}},"83":{"start":{"line":148,"column":12},"end":{"line":148,"column":64}},"84":{"start":{"line":149,"column":12},"end":{"line":149,"column":34}},"85":{"start":{"line":152,"column":29},"end":{"line":152,"column":46}},"86":{"start":{"line":153,"column":8},"end":{"line":153,"column":37}},"87":{"start":{"line":154,"column":8},"end":{"line":154,"column":79}},"88":{"start":{"line":155,"column":8},"end":{"line":155,"column":54}},"89":{"start":{"line":158,"column":8},"end":{"line":158,"column":20}},"90":{"start":{"line":162,"column":23},"end":{"line":186,"column":1}},"91":{"start":{"line":163,"column":4},"end":{"line":185,"column":5}},"92":{"start":{"line":164,"column":23},"end":{"line":164,"column":33}},"93":{"start":{"line":165,"column":25},"end":{"line":165,"column":52}},"94":{"start":{"line":167,"column":8},"end":{"line":171,"column":9}},"95":{"start":{"line":168,"column":26},"end":{"line":168,"column":55}},"96":{"start":{"line":169,"column":12},"end":{"line":169,"column":49}},"97":{"start":{"line":170,"column":12},"end":{"line":170,"column":24}},"98":{"start":{"line":173,"column":8},"end":{"line":178,"column":9}},"99":{"start":{"line":174,"column":30},"end":{"line":174,"column":67}},"100":{"start":{"line":175,"column":12},"end":{"line":177,"column":13}},"101":{"start":{"line":176,"column":16},"end":{"line":176,"column":41}},"102":{"start":{"line":179,"column":8},"end":{"line":179,"column":33}},"103":{"start":{"line":181,"column":8},"end":{"line":181,"column":79}},"104":{"start":{"line":184,"column":8},"end":{"line":184,"column":20}},"105":{"start":{"line":188,"column":33},"end":{"line":211,"column":1}},"106":{"start":{"line":189,"column":4},"end":{"line":210,"column":5}},"107":{"start":{"line":190,"column":31},"end":{"line":190,"column":39}},"108":{"start":{"line":192,"column":25},"end":{"line":192,"column":61}},"109":{"start":{"line":193,"column":8},"end":{"line":195,"column":9}},"110":{"start":{"line":194,"column":12},"end":{"line":194,"column":89}},"111":{"start":{"line":196,"column":8},"end":{"line":196,"column":47}},"112":{"start":{"line":198,"column":32},"end":{"line":205,"column":10}},"113":{"start":{"line":206,"column":8},"end":{"line":206,"column":66}},"114":{"start":{"line":209,"column":8},"end":{"line":209,"column":20}},"115":{"start":{"line":213,"column":34},"end":{"line":235,"column":1}},"116":{"start":{"line":214,"column":4},"end":{"line":234,"column":5}},"117":{"start":{"line":215,"column":31},"end":{"line":215,"column":39}},"118":{"start":{"line":217,"column":25},"end":{"line":217,"column":61}},"119":{"start":{"line":218,"column":8},"end":{"line":220,"column":9}},"120":{"start":{"line":219,"column":12},"end":{"line":219,"column":89}},"121":{"start":{"line":221,"column":8},"end":{"line":221,"column":50}},"122":{"start":{"line":222,"column":32},"end":{"line":229,"column":10}},"123":{"start":{"line":230,"column":8},"end":{"line":230,"column":74}},"124":{"start":{"line":233,"column":8},"end":{"line":233,"column":20}},"125":{"start":{"line":237,"column":0},"end":{"line":245,"column":2}}},"fnMap":{"0":{"name":"(anonymous_0)","decl":{"start":{"line":14,"column":24},"end":{"line":14,"column":25}},"loc":{"start":{"line":14,"column":50},"end":{"line":65,"column":1}},"line":14},"1":{"name":"(anonymous_1)","decl":{"start":{"line":27,"column":72},"end":{"line":27,"column":73}},"loc":{"start":{"line":27,"column":78},"end":{"line":27,"column":88}},"line":27},"2":{"name":"(anonymous_2)","decl":{"start":{"line":39,"column":72},"end":{"line":39,"column":73}},"loc":{"start":{"line":39,"column":78},"end":{"line":39,"column":88}},"line":39},"3":{"name":"(anonymous_3)","decl":{"start":{"line":54,"column":51},"end":{"line":54,"column":52}},"loc":{"start":{"line":54,"column":58},"end":{"line":59,"column":9}},"line":54},"4":{"name":"(anonymous_4)","decl":{"start":{"line":67,"column":20},"end":{"line":67,"column":21}},"loc":{"start":{"line":67,"column":46},"end":{"line":93,"column":1}},"line":67},"5":{"name":"(anonymous_5)","decl":{"start":{"line":95,"column":23},"end":{"line":95,"column":24}},"loc":{"start":{"line":95,"column":49},"end":{"line":120,"column":1}},"line":95},"6":{"name":"(anonymous_6)","decl":{"start":{"line":122,"column":23},"end":{"line":122,"column":24}},"loc":{"start":{"line":122,"column":49},"end":{"line":160,"column":1}},"line":122},"7":{"name":"(anonymous_7)","decl":{"start":{"line":162,"column":23},"end":{"line":162,"column":24}},"loc":{"start":{"line":162,"column":49},"end":{"line":186,"column":1}},"line":162},"8":{"name":"(anonymous_8)","decl":{"start":{"line":188,"column":33},"end":{"line":188,"column":34}},"loc":{"start":{"line":188,"column":59},"end":{"line":211,"column":1}},"line":188},"9":{"name":"(anonymous_9)","decl":{"start":{"line":213,"column":34},"end":{"line":213,"column":35}},"loc":{"start":{"line":213,"column":60},"end":{"line":235,"column":1}},"line":213}},"branchMap":{"0":{"loc":{"start":{"line":20,"column":8},"end":{"line":22,"column":9}},"type":"if","locations":[{"start":{"line":20,"column":8},"end":{"line":22,"column":9}},{"start":{},"end":{}}],"line":20},"1":{"loc":{"start":{"line":23,"column":8},"end":{"line":25,"column":9}},"type":"if","locations":[{"start":{"line":23,"column":8},"end":{"line":25,"column":9}},{"start":{},"end":{}}],"line":23},"2":{"loc":{"start":{"line":26,"column":8},"end":{"line":29,"column":9}},"type":"if","locations":[{"start":{"line":26,"column":8},"end":{"line":29,"column":9}},{"start":{},"end":{}}],"line":26},"3":{"loc":{"start":{"line":27,"column":31},"end":{"line":27,"column":111}},"type":"cond-expr","locations":[{"start":{"line":27,"column":58},"end":{"line":27,"column":89}},{"start":{"line":27,"column":92},"end":{"line":27,"column":111}}],"line":27},"4":{"loc":{"start":{"line":38,"column":8},"end":{"line":41,"column":9}},"type":"if","locations":[{"start":{"line":38,"column":8},"end":{"line":41,"column":9}},{"start":{},"end":{}}],"line":38},"5":{"loc":{"start":{"line":39,"column":31},"end":{"line":39,"column":111}},"type":"cond-expr","locations":[{"start":{"line":39,"column":58},"end":{"line":39,"column":89}},{"start":{"line":39,"column":92},"end":{"line":39,"column":111}}],"line":39},"6":{"loc":{"start":{"line":78,"column":8},"end":{"line":82,"column":9}},"type":"if","locations":[{"start":{"line":78,"column":8},"end":{"line":82,"column":9}},{"start":{},"end":{}}],"line":78},"7":{"loc":{"start":{"line":102,"column":8},"end":{"line":111,"column":9}},"type":"if","locations":[{"start":{"line":102,"column":8},"end":{"line":111,"column":9}},{"start":{},"end":{}}],"line":102},"8":{"loc":{"start":{"line":128,"column":8},"end":{"line":132,"column":9}},"type":"if","locations":[{"start":{"line":128,"column":8},"end":{"line":132,"column":9}},{"start":{},"end":{}}],"line":128},"9":{"loc":{"start":{"line":135,"column":8},"end":{"line":150,"column":9}},"type":"if","locations":[{"start":{"line":135,"column":8},"end":{"line":150,"column":9}},{"start":{},"end":{}}],"line":135},"10":{"loc":{"start":{"line":136,"column":12},"end":{"line":141,"column":13}},"type":"if","locations":[{"start":{"line":136,"column":12},"end":{"line":141,"column":13}},{"start":{},"end":{}}],"line":136},"11":{"loc":{"start":{"line":136,"column":16},"end":{"line":136,"column":82}},"type":"binary-expr","locations":[{"start":{"line":136,"column":16},"end":{"line":136,"column":39}},{"start":{"line":136,"column":43},"end":{"line":136,"column":82}}],"line":136},"12":{"loc":{"start":{"line":138,"column":16},"end":{"line":140,"column":17}},"type":"if","locations":[{"start":{"line":138,"column":16},"end":{"line":140,"column":17}},{"start":{},"end":{}}],"line":138},"13":{"loc":{"start":{"line":167,"column":8},"end":{"line":171,"column":9}},"type":"if","locations":[{"start":{"line":167,"column":8},"end":{"line":171,"column":9}},{"start":{},"end":{}}],"line":167},"14":{"loc":{"start":{"line":173,"column":8},"end":{"line":178,"column":9}},"type":"if","locations":[{"start":{"line":173,"column":8},"end":{"line":178,"column":9}},{"start":{},"end":{}}],"line":173},"15":{"loc":{"start":{"line":173,"column":12},"end":{"line":173,"column":78}},"type":"binary-expr","locations":[{"start":{"line":173,"column":12},"end":{"line":173,"column":35}},{"start":{"line":173,"column":39},"end":{"line":173,"column":78}}],"line":173},"16":{"loc":{"start":{"line":175,"column":12},"end":{"line":177,"column":13}},"type":"if","locations":[{"start":{"line":175,"column":12},"end":{"line":177,"column":13}},{"start":{},"end":{}}],"line":175},"17":{"loc":{"start":{"line":193,"column":8},"end":{"line":195,"column":9}},"type":"if","locations":[{"start":{"line":193,"column":8},"end":{"line":195,"column":9}},{"start":{},"end":{}}],"line":193},"18":{"loc":{"start":{"line":218,"column":8},"end":{"line":220,"column":9}},"type":"if","locations":[{"start":{"line":218,"column":8},"end":{"line":220,"column":9}},{"start":{},"end":{}}],"line":218}},"s":{"0":2,"1":2,"2":2,"3":2,"4":2,"5":2,"6":2,"7":2,"8":2,"9":2,"10":2,"11":2,"12":10,"13":10,"14":10,"15":10,"16":1,"17":10,"18":1,"19":10,"20":2,"21":2,"22":2,"23":10,"24":10,"25":2,"26":2,"27":2,"28":10,"29":9,"30":11,"31":11,"32":11,"33":11,"34":9,"35":1,"36":2,"37":5,"38":5,"39":5,"40":4,"41":2,"42":2,"43":2,"44":2,"45":2,"46":2,"47":2,"48":3,"49":2,"50":6,"51":6,"52":6,"53":4,"54":1,"55":1,"56":1,"57":1,"58":1,"59":1,"60":4,"61":4,"62":4,"63":2,"64":2,"65":6,"66":6,"67":6,"68":6,"69":5,"70":2,"71":2,"72":2,"73":3,"74":3,"75":1,"76":1,"77":1,"78":1,"79":1,"80":1,"81":1,"82":1,"83":1,"84":1,"85":3,"86":3,"87":3,"88":3,"89":3,"90":2,"91":4,"92":4,"93":4,"94":4,"95":2,"96":2,"97":2,"98":2,"99":0,"100":0,"101":0,"102":2,"103":2,"104":2,"105":2,"106":2,"107":2,"108":2,"109":2,"110":1,"111":1,"112":1,"113":1,"114":0,"115":2,"116":2,"117":2,"118":2,"119":2,"120":1,"121":1,"122":1,"123":1,"124":0,"125":2},"f":{"0":10,"1":2,"2":2,"3":11,"4":5,"5":6,"6":6,"7":4,"8":2,"9":2},"b":{"0":[1,9],"1":[1,9],"2":[2,8],"3":[1,1],"4":[2,8],"5":[1,1],"6":[2,2],"7":[1,3],"8":[2,3],"9":[1,2],"10":[1,0],"11":[1,1],"12":[1,0],"13":[2,2],"14":[0,2],"15":[2,1],"16":[0,0],"17":[1,1],"18":[1,1]},"inputSourceMap":null,"_coverageSchema":"1a1c01bbd47fc00a2c39e90264f33305004495a9","hash":"dfc404de3b7d09038d3f22bfe7d08ddf8aca48d5"}
,"/Users/pablo.valle/Projects/PABLO-staffManager-v01/src/libs/jwtHelper.js": {"path":"/Users/pablo.valle/Projects/PABLO-staffManager-v01/src/libs/jwtHelper.js","statementMap":{"0":{"start":{"line":1,"column":12},"end":{"line":1,"column":35}},"1":{"start":{"line":2,"column":17},"end":{"line":2,"column":59}},"2":{"start":{"line":4,"column":20},"end":{"line":4,"column":61}},"3":{"start":{"line":4,"column":31},"end":{"line":4,"column":61}},"4":{"start":{"line":5,"column":19},"end":{"line":5,"column":85}},"5":{"start":{"line":5,"column":29},"end":{"line":5,"column":85}},"6":{"start":{"line":7,"column":19},"end":{"line":18,"column":1}},"7":{"start":{"line":10,"column":8},"end":{"line":10,"column":12}},"8":{"start":{"line":12,"column":22},"end":{"line":16,"column":5}},"9":{"start":{"line":17,"column":4},"end":{"line":17,"column":33}},"10":{"start":{"line":20,"column":0},"end":{"line":24,"column":1}}},"fnMap":{"0":{"name":"(anonymous_0)","decl":{"start":{"line":4,"column":20},"end":{"line":4,"column":21}},"loc":{"start":{"line":4,"column":31},"end":{"line":4,"column":61}},"line":4},"1":{"name":"(anonymous_1)","decl":{"start":{"line":5,"column":19},"end":{"line":5,"column":20}},"loc":{"start":{"line":5,"column":29},"end":{"line":5,"column":85}},"line":5},"2":{"name":"(anonymous_2)","decl":{"start":{"line":7,"column":19},"end":{"line":7,"column":20}},"loc":{"start":{"line":7,"column":29},"end":{"line":18,"column":1}},"line":7}},"branchMap":{},"s":{"0":2,"1":2,"2":2,"3":0,"4":2,"5":0,"6":2,"7":0,"8":0,"9":0,"10":2},"f":{"0":0,"1":0,"2":0},"b":{},"inputSourceMap":null,"_coverageSchema":"1a1c01bbd47fc00a2c39e90264f33305004495a9","hash":"e450c3104b2209bb4c13f92edd52a6ad4f327fe1"}
,"/Users/pablo.valle/Projects/PABLO-staffManager-v01/src/middlewares/authHandler.js": {"path":"/Users/pablo.valle/Projects/PABLO-staffManager-v01/src/middlewares/authHandler.js","statementMap":{"0":{"start":{"line":1,"column":24},"end":{"line":1,"column":52}},"1":{"start":{"line":2,"column":41},"end":{"line":2,"column":69}},"2":{"start":{"line":4,"column":17},"end":{"line":4,"column":94}},"3":{"start":{"line":4,"column":26},"end":{"line":4,"column":94}},"4":{"start":{"line":6,"column":20},"end":{"line":19,"column":1}},"5":{"start":{"line":7,"column":18},"end":{"line":7,"column":31}},"6":{"start":{"line":9,"column":4},"end":{"line":11,"column":5}},"7":{"start":{"line":10,"column":8},"end":{"line":10,"column":111}},"8":{"start":{"line":12,"column":4},"end":{"line":18,"column":5}},"9":{"start":{"line":13,"column":21},"end":{"line":13,"column":39}},"10":{"start":{"line":14,"column":8},"end":{"line":14,"column":24}},"11":{"start":{"line":15,"column":8},"end":{"line":15,"column":15}},"12":{"start":{"line":17,"column":8},"end":{"line":17,"column":105}},"13":{"start":{"line":21,"column":0},"end":{"line":21,"column":29}}},"fnMap":{"0":{"name":"(anonymous_0)","decl":{"start":{"line":4,"column":17},"end":{"line":4,"column":18}},"loc":{"start":{"line":4,"column":26},"end":{"line":4,"column":94}},"line":4},"1":{"name":"(anonymous_1)","decl":{"start":{"line":6,"column":20},"end":{"line":6,"column":21}},"loc":{"start":{"line":6,"column":40},"end":{"line":19,"column":1}},"line":6}},"branchMap":{"0":{"loc":{"start":{"line":4,"column":26},"end":{"line":4,"column":94}},"type":"binary-expr","locations":[{"start":{"line":4,"column":26},"end":{"line":4,"column":51}},{"start":{"line":4,"column":55},"end":{"line":4,"column":94}}],"line":4},"1":{"loc":{"start":{"line":9,"column":4},"end":{"line":11,"column":5}},"type":"if","locations":[{"start":{"line":9,"column":4},"end":{"line":11,"column":5}},{"start":{},"end":{}}],"line":9}},"s":{"0":1,"1":1,"2":1,"3":0,"4":1,"5":0,"6":0,"7":0,"8":0,"9":0,"10":0,"11":0,"12":0,"13":1},"f":{"0":0,"1":0},"b":{"0":[0,0],"1":[0,0]},"inputSourceMap":null,"_coverageSchema":"1a1c01bbd47fc00a2c39e90264f33305004495a9","hash":"3466637ec44e8621f445997a9c9ad8089e86c597"}
,"/Users/pablo.valle/Projects/PABLO-staffManager-v01/src/middlewares/errorHandler.js": {"path":"/Users/pablo.valle/Projects/PABLO-staffManager-v01/src/middlewares/errorHandler.js","statementMap":{"0":{"start":{"line":1,"column":15},"end":{"line":1,"column":34}},"1":{"start":{"line":3,"column":24},"end":{"line":3,"column":52}},"2":{"start":{"line":5,"column":21},"end":{"line":29,"column":1}},"3":{"start":{"line":7,"column":4},"end":{"line":7,"column":70}},"4":{"start":{"line":9,"column":4},"end":{"line":14,"column":5}},"5":{"start":{"line":10,"column":8},"end":{"line":13,"column":11}},"6":{"start":{"line":16,"column":4},"end":{"line":18,"column":5}},"7":{"start":{"line":17,"column":8},"end":{"line":17,"column":89}},"8":{"start":{"line":20,"column":4},"end":{"line":22,"column":5}},"9":{"start":{"line":21,"column":8},"end":{"line":21,"column":81}},"10":{"start":{"line":24,"column":4},"end":{"line":26,"column":5}},"11":{"start":{"line":25,"column":8},"end":{"line":25,"column":80}},"12":{"start":{"line":28,"column":4},"end":{"line":28,"column":101}},"13":{"start":{"line":31,"column":0},"end":{"line":31,"column":30}}},"fnMap":{"0":{"name":"(anonymous_0)","decl":{"start":{"line":5,"column":21},"end":{"line":5,"column":22}},"loc":{"start":{"line":5,"column":46},"end":{"line":29,"column":1}},"line":5}},"branchMap":{"0":{"loc":{"start":{"line":9,"column":4},"end":{"line":14,"column":5}},"type":"if","locations":[{"start":{"line":9,"column":4},"end":{"line":14,"column":5}},{"start":{},"end":{}}],"line":9},"1":{"loc":{"start":{"line":9,"column":7},"end":{"line":9,"column":60}},"type":"binary-expr","locations":[{"start":{"line":9,"column":7},"end":{"line":9,"column":45}},{"start":{"line":9,"column":49},"end":{"line":9,"column":60}}],"line":9},"2":{"loc":{"start":{"line":16,"column":4},"end":{"line":18,"column":5}},"type":"if","locations":[{"start":{"line":16,"column":4},"end":{"line":18,"column":5}},{"start":{},"end":{}}],"line":16},"3":{"loc":{"start":{"line":20,"column":4},"end":{"line":22,"column":5}},"type":"if","locations":[{"start":{"line":20,"column":4},"end":{"line":22,"column":5}},{"start":{},"end":{}}],"line":20},"4":{"loc":{"start":{"line":24,"column":4},"end":{"line":26,"column":5}},"type":"if","locations":[{"start":{"line":24,"column":4},"end":{"line":26,"column":5}},{"start":{},"end":{}}],"line":24},"5":{"loc":{"start":{"line":28,"column":22},"end":{"line":28,"column":69}},"type":"binary-expr","locations":[{"start":{"line":28,"column":22},"end":{"line":28,"column":32}},{"start":{"line":28,"column":36},"end":{"line":28,"column":69}}],"line":28}},"s":{"0":2,"1":2,"2":2,"3":6,"4":6,"5":2,"6":4,"7":1,"8":3,"9":0,"10":3,"11":0,"12":3,"13":2},"f":{"0":6},"b":{"0":[2,4],"1":[6,2],"2":[1,3],"3":[0,3],"4":[0,3],"5":[3,0]},"inputSourceMap":null,"_coverageSchema":"1a1c01bbd47fc00a2c39e90264f33305004495a9","hash":"d5d5fe532ac8cafb2c272f5d05d72da8048f4147"}
,"/Users/pablo.valle/Projects/PABLO-staffManager-v01/src/middlewares/logger.js": {"path":"/Users/pablo.valle/Projects/PABLO-staffManager-v01/src/middlewares/logger.js","statementMap":{"0":{"start":{"line":2,"column":15},"end":{"line":10,"column":1}},"1":{"start":{"line":4,"column":19},"end":{"line":4,"column":29}},"2":{"start":{"line":5,"column":16},"end":{"line":5,"column":31}},"3":{"start":{"line":6,"column":17},"end":{"line":6,"column":44}},"4":{"start":{"line":7,"column":4},"end":{"line":7,"column":46}},"5":{"start":{"line":8,"column":4},"end":{"line":8,"column":11}},"6":{"start":{"line":12,"column":0},"end":{"line":15,"column":1}},"7":{"start":{"line":13,"column":17},"end":{"line":13,"column":44}},"8":{"start":{"line":14,"column":4},"end":{"line":14,"column":49}},"9":{"start":{"line":17,"column":0},"end":{"line":20,"column":1}},"10":{"start":{"line":18,"column":17},"end":{"line":18,"column":44}},"11":{"start":{"line":19,"column":4},"end":{"line":19,"column":46}},"12":{"start":{"line":22,"column":0},"end":{"line":22,"column":24}}},"fnMap":{"0":{"name":"(anonymous_0)","decl":{"start":{"line":2,"column":15},"end":{"line":2,"column":16}},"loc":{"start":{"line":2,"column":35},"end":{"line":10,"column":1}},"line":2},"1":{"name":"(anonymous_1)","decl":{"start":{"line":12,"column":15},"end":{"line":12,"column":16}},"loc":{"start":{"line":12,"column":28},"end":{"line":15,"column":1}},"line":12},"2":{"name":"(anonymous_2)","decl":{"start":{"line":17,"column":14},"end":{"line":17,"column":15}},"loc":{"start":{"line":17,"column":27},"end":{"line":20,"column":1}},"line":17}},"branchMap":{},"s":{"0":2,"1":22,"2":22,"3":22,"4":22,"5":22,"6":2,"7":6,"8":6,"9":2,"10":0,"11":0,"12":2},"f":{"0":22,"1":6,"2":0},"b":{},"inputSourceMap":null,"_coverageSchema":"1a1c01bbd47fc00a2c39e90264f33305004495a9","hash":"23f4d3604fe0c9782632411dca2e4f9d945fc415"}
,"/Users/pablo.valle/Projects/PABLO-staffManager-v01/src/middlewares/upload.js": {"path":"/Users/pablo.valle/Projects/PABLO-staffManager-v01/src/middlewares/upload.js","statementMap":{"0":{"start":{"line":1,"column":15},"end":{"line":1,"column":32}},"1":{"start":{"line":2,"column":13},"end":{"line":2,"column":28}},"2":{"start":{"line":3,"column":11},"end":{"line":3,"column":24}},"3":{"start":{"line":5,"column":20},"end":{"line":5,"column":63}},"4":{"start":{"line":6,"column":24},"end":{"line":6,"column":39}},"5":{"start":{"line":7,"column":21},"end":{"line":7,"column":59}},"6":{"start":{"line":8,"column":24},"end":{"line":8,"column":43}},"7":{"start":{"line":9,"column":25},"end":{"line":9,"column":50}},"8":{"start":{"line":11,"column":0},"end":{"line":13,"column":1}},"9":{"start":{"line":12,"column":4},"end":{"line":12,"column":50}},"10":{"start":{"line":15,"column":16},"end":{"line":24,"column":2}},"11":{"start":{"line":17,"column":8},"end":{"line":17,"column":30}},"12":{"start":{"line":20,"column":20},"end":{"line":20,"column":51}},"13":{"start":{"line":21,"column":25},"end":{"line":21,"column":41}},"14":{"start":{"line":22,"column":8},"end":{"line":22,"column":27}},"15":{"start":{"line":26,"column":19},"end":{"line":36,"column":1}},"16":{"start":{"line":27,"column":16},"end":{"line":27,"column":61}},"17":{"start":{"line":28,"column":17},"end":{"line":28,"column":44}},"18":{"start":{"line":30,"column":4},"end":{"line":35,"column":5}},"19":{"start":{"line":31,"column":8},"end":{"line":31,"column":23}},"20":{"start":{"line":34,"column":8},"end":{"line":34,"column":36}},"21":{"start":{"line":38,"column":15},"end":{"line":40,"column":1}},"22":{"start":{"line":42,"column":15},"end":{"line":46,"column":2}},"23":{"start":{"line":48,"column":0},"end":{"line":48,"column":24}}},"fnMap":{"0":{"name":"(anonymous_0)","decl":{"start":{"line":16,"column":17},"end":{"line":16,"column":18}},"loc":{"start":{"line":16,"column":36},"end":{"line":18,"column":5}},"line":16},"1":{"name":"(anonymous_1)","decl":{"start":{"line":19,"column":14},"end":{"line":19,"column":15}},"loc":{"start":{"line":19,"column":33},"end":{"line":23,"column":5}},"line":19},"2":{"name":"(anonymous_2)","decl":{"start":{"line":26,"column":19},"end":{"line":26,"column":20}},"loc":{"start":{"line":26,"column":38},"end":{"line":36,"column":1}},"line":26}},"branchMap":{"0":{"loc":{"start":{"line":11,"column":0},"end":{"line":13,"column":1}},"type":"if","locations":[{"start":{"line":11,"column":0},"end":{"line":13,"column":1}},{"start":{},"end":{}}],"line":11},"1":{"loc":{"start":{"line":30,"column":4},"end":{"line":35,"column":5}},"type":"if","locations":[{"start":{"line":30,"column":4},"end":{"line":35,"column":5}},{"start":{"line":33,"column":9},"end":{"line":35,"column":5}}],"line":30},"2":{"loc":{"start":{"line":30,"column":7},"end":{"line":30,"column":63}},"type":"binary-expr","locations":[{"start":{"line":30,"column":7},"end":{"line":30,"column":32}},{"start":{"line":30,"column":36},"end":{"line":30,"column":63}}],"line":30}},"s":{"0":2,"1":2,"2":2,"3":2,"4":2,"5":2,"6":2,"7":2,"8":2,"9":0,"10":2,"11":0,"12":0,"13":0,"14":0,"15":2,"16":0,"17":0,"18":0,"19":0,"20":0,"21":2,"22":2,"23":2},"f":{"0":0,"1":0,"2":0},"b":{"0":[0,2],"1":[0,0],"2":[0,0]},"inputSourceMap":null,"_coverageSchema":"1a1c01bbd47fc00a2c39e90264f33305004495a9","hash":"3b2d26f6b44c370109441173cbcd50cd792ac0e7"}
,"/Users/pablo.valle/Projects/PABLO-staffManager-v01/src/middlewares/validate.js": {"path":"/Users/pablo.valle/Projects/PABLO-staffManager-v01/src/middlewares/validate.js","statementMap":{"0":{"start":{"line":1,"column":24},"end":{"line":1,"column":52}},"1":{"start":{"line":3,"column":19},"end":{"line":32,"column":1}},"2":{"start":{"line":4,"column":4},"end":{"line":31,"column":5}},"3":{"start":{"line":5,"column":23},"end":{"line":5,"column":25}},"4":{"start":{"line":6,"column":8},"end":{"line":22,"column":11}},"5":{"start":{"line":7,"column":12},"end":{"line":21,"column":13}},"6":{"start":{"line":8,"column":16},"end":{"line":10,"column":17}},"7":{"start":{"line":9,"column":20},"end":{"line":9,"column":62}},"8":{"start":{"line":11,"column":39},"end":{"line":11,"column":112}},"9":{"start":{"line":12,"column":16},"end":{"line":20,"column":17}},"10":{"start":{"line":13,"column":20},"end":{"line":17,"column":25}},"11":{"start":{"line":13,"column":59},"end":{"line":17,"column":21}},"12":{"start":{"line":19,"column":20},"end":{"line":19,"column":40}},"13":{"start":{"line":24,"column":8},"end":{"line":29,"column":9}},"14":{"start":{"line":25,"column":24},"end":{"line":25,"column":53}},"15":{"start":{"line":26,"column":12},"end":{"line":26,"column":49}},"16":{"start":{"line":27,"column":12},"end":{"line":27,"column":33}},"17":{"start":{"line":28,"column":12},"end":{"line":28,"column":29}},"18":{"start":{"line":30,"column":8},"end":{"line":30,"column":15}},"19":{"start":{"line":34,"column":0},"end":{"line":34,"column":28}}},"fnMap":{"0":{"name":"(anonymous_0)","decl":{"start":{"line":3,"column":19},"end":{"line":3,"column":20}},"loc":{"start":{"line":3,"column":32},"end":{"line":32,"column":1}},"line":3},"1":{"name":"(anonymous_1)","decl":{"start":{"line":4,"column":11},"end":{"line":4,"column":12}},"loc":{"start":{"line":4,"column":31},"end":{"line":31,"column":5}},"line":4},"2":{"name":"(anonymous_2)","decl":{"start":{"line":6,"column":44},"end":{"line":6,"column":45}},"loc":{"start":{"line":6,"column":54},"end":{"line":22,"column":9}},"line":6},"3":{"name":"(anonymous_3)","decl":{"start":{"line":13,"column":53},"end":{"line":13,"column":54}},"loc":{"start":{"line":13,"column":59},"end":{"line":17,"column":21}},"line":13}},"branchMap":{"0":{"loc":{"start":{"line":7,"column":12},"end":{"line":21,"column":13}},"type":"if","locations":[{"start":{"line":7,"column":12},"end":{"line":21,"column":13}},{"start":{},"end":{}}],"line":7},"1":{"loc":{"start":{"line":8,"column":16},"end":{"line":10,"column":17}},"type":"if","locations":[{"start":{"line":8,"column":16},"end":{"line":10,"column":17}},{"start":{},"end":{}}],"line":8},"2":{"loc":{"start":{"line":8,"column":19},"end":{"line":8,"column":106}},"type":"binary-expr","locations":[{"start":{"line":8,"column":19},"end":{"line":8,"column":36}},{"start":{"line":8,"column":40},"end":{"line":8,"column":48}},{"start":{"line":8,"column":52},"end":{"line":8,"column":87}},{"start":{"line":8,"column":91},"end":{"line":8,"column":106}}],"line":8},"3":{"loc":{"start":{"line":12,"column":16},"end":{"line":20,"column":17}},"type":"if","locations":[{"start":{"line":12,"column":16},"end":{"line":20,"column":17}},{"start":{"line":18,"column":23},"end":{"line":20,"column":17}}],"line":12},"4":{"loc":{"start":{"line":24,"column":8},"end":{"line":29,"column":9}},"type":"if","locations":[{"start":{"line":24,"column":8},"end":{"line":29,"column":9}},{"start":{},"end":{}}],"line":24}},"s":{"0":2,"1":2,"2":20,"3":13,"4":13,"5":39,"6":15,"7":0,"8":15,"9":15,"10":2,"11":6,"12":13,"13":13,"14":2,"15":2,"16":2,"17":2,"18":11,"19":2},"f":{"0":20,"1":13,"2":39,"3":6},"b":{"0":[15,24],"1":[0,15],"2":[15,6,6,0],"3":[2,13],"4":[2,11]},"inputSourceMap":null,"_coverageSchema":"1a1c01bbd47fc00a2c39e90264f33305004495a9","hash":"e0edc364ed58af0afe20236803074369eb555869"}
,"/Users/pablo.valle/Projects/PABLO-staffManager-v01/src/routes/auth.js": {"path":"/Users/pablo.valle/Projects/PABLO-staffManager-v01/src/routes/auth.js","statementMap":{"0":{"start":{"line":1,"column":16},"end":{"line":1,"column":34}},"1":{"start":{"line":2,"column":15},"end":{"line":2,"column":31}},"2":{"start":{"line":3,"column":18},"end":{"line":3,"column":48}},"3":{"start":{"line":4,"column":17},"end":{"line":4,"column":51}},"4":{"start":{"line":6,"column":34},"end":{"line":6,"column":79}},"5":{"start":{"line":8,"column":0},"end":{"line":8,"column":74}},"6":{"start":{"line":11,"column":0},"end":{"line":11,"column":24}}},"fnMap":{},"branchMap":{},"s":{"0":2,"1":2,"2":2,"3":2,"4":2,"5":2,"6":2},"f":{},"b":{},"inputSourceMap":null,"_coverageSchema":"1a1c01bbd47fc00a2c39e90264f33305004495a9","hash":"5bdaf1487ac16bc136ac47399c5e2e0c6e9217ba"}
,"/Users/pablo.valle/Projects/PABLO-staffManager-v01/src/routes/company.js": {"path":"/Users/pablo.valle/Projects/PABLO-staffManager-v01/src/routes/company.js","statementMap":{"0":{"start":{"line":1,"column":16},"end":{"line":1,"column":34}},"1":{"start":{"line":3,"column":17},"end":{"line":3,"column":51}},"2":{"start":{"line":5,"column":22},"end":{"line":5,"column":66}},"3":{"start":{"line":6,"column":28},"end":{"line":6,"column":77}},"4":{"start":{"line":8,"column":15},"end":{"line":8,"column":31}},"5":{"start":{"line":13,"column":4},"end":{"line":13,"column":37}},"6":{"start":{"line":15,"column":0},"end":{"line":15,"column":74}},"7":{"start":{"line":16,"column":0},"end":{"line":16,"column":66}},"8":{"start":{"line":18,"column":0},"end":{"line":18,"column":24}}},"fnMap":{},"branchMap":{},"s":{"0":2,"1":2,"2":2,"3":2,"4":2,"5":2,"6":2,"7":2,"8":2},"f":{},"b":{},"inputSourceMap":null,"_coverageSchema":"1a1c01bbd47fc00a2c39e90264f33305004495a9","hash":"35e459fa31a21fceafb50c04cf284b0a359f80a8"}
,"/Users/pablo.valle/Projects/PABLO-staffManager-v01/src/routes/employee.js": {"path":"/Users/pablo.valle/Projects/PABLO-staffManager-v01/src/routes/employee.js","statementMap":{"0":{"start":{"line":1,"column":16},"end":{"line":1,"column":34}},"1":{"start":{"line":3,"column":15},"end":{"line":3,"column":47}},"2":{"start":{"line":4,"column":17},"end":{"line":4,"column":51}},"3":{"start":{"line":6,"column":29},"end":{"line":6,"column":79}},"4":{"start":{"line":7,"column":22},"end":{"line":7,"column":66}},"5":{"start":{"line":8,"column":29},"end":{"line":8,"column":79}},"6":{"start":{"line":9,"column":29},"end":{"line":9,"column":79}},"7":{"start":{"line":10,"column":26},"end":{"line":10,"column":76}},"8":{"start":{"line":11,"column":36},"end":{"line":11,"column":93}},"9":{"start":{"line":13,"column":15},"end":{"line":13,"column":31}},"10":{"start":{"line":23,"column":4},"end":{"line":23,"column":38}},"11":{"start":{"line":25,"column":0},"end":{"line":25,"column":74}},"12":{"start":{"line":26,"column":0},"end":{"line":26,"column":67}},"13":{"start":{"line":27,"column":0},"end":{"line":27,"column":106}},"14":{"start":{"line":28,"column":0},"end":{"line":28,"column":90}},"15":{"start":{"line":29,"column":0},"end":{"line":29,"column":108}},"16":{"start":{"line":30,"column":0},"end":{"line":33,"column":20}},"17":{"start":{"line":34,"column":0},"end":{"line":34,"column":73}},"18":{"start":{"line":36,"column":0},"end":{"line":36,"column":24}}},"fnMap":{},"branchMap":{},"s":{"0":2,"1":2,"2":2,"3":2,"4":2,"5":2,"6":2,"7":2,"8":2,"9":2,"10":2,"11":2,"12":2,"13":2,"14":2,"15":2,"16":2,"17":2,"18":2},"f":{},"b":{},"inputSourceMap":null,"_coverageSchema":"1a1c01bbd47fc00a2c39e90264f33305004495a9","hash":"b41244b3977a949856ea9eb319cc688867641089"}
,"/Users/pablo.valle/Projects/PABLO-staffManager-v01/src/validations/assignProjectsValidation.js": {"path":"/Users/pablo.valle/Projects/PABLO-staffManager-v01/src/validations/assignProjectsValidation.js","statementMap":{"0":{"start":{"line":1,"column":12},"end":{"line":1,"column":26}},"1":{"start":{"line":3,"column":29},"end":{"line":12,"column":2}},"2":{"start":{"line":14,"column":0},"end":{"line":14,"column":38}}},"fnMap":{},"branchMap":{},"s":{"0":2,"1":2,"2":2},"f":{},"b":{},"inputSourceMap":null,"_coverageSchema":"1a1c01bbd47fc00a2c39e90264f33305004495a9","hash":"cd25df5cc902ca6f3d60ec2db8e683a3c6880345"}
,"/Users/pablo.valle/Projects/PABLO-staffManager-v01/src/validations/createEmployeeValidation.js": {"path":"/Users/pablo.valle/Projects/PABLO-staffManager-v01/src/validations/createEmployeeValidation.js","statementMap":{"0":{"start":{"line":1,"column":24},"end":{"line":1,"column":85}},"1":{"start":{"line":3,"column":12},"end":{"line":3,"column":26}},"2":{"start":{"line":5,"column":29},"end":{"line":38,"column":2}},"3":{"start":{"line":40,"column":0},"end":{"line":40,"column":39}}},"fnMap":{},"branchMap":{},"s":{"0":2,"1":2,"2":2,"3":2},"f":{},"b":{},"inputSourceMap":null,"_coverageSchema":"1a1c01bbd47fc00a2c39e90264f33305004495a9","hash":"a4b1d35b15d0039bc4c5d9cd3fb8b1a09e182f27"}
,"/Users/pablo.valle/Projects/PABLO-staffManager-v01/src/validations/idParamsValidation.js": {"path":"/Users/pablo.valle/Projects/PABLO-staffManager-v01/src/validations/idParamsValidation.js","statementMap":{"0":{"start":{"line":1,"column":12},"end":{"line":1,"column":26}},"1":{"start":{"line":3,"column":22},"end":{"line":11,"column":2}},"2":{"start":{"line":13,"column":0},"end":{"line":13,"column":31}}},"fnMap":{},"branchMap":{},"s":{"0":2,"1":2,"2":2},"f":{},"b":{},"inputSourceMap":null,"_coverageSchema":"1a1c01bbd47fc00a2c39e90264f33305004495a9","hash":"c155600773bfefae0c6281163b74416a72723f68"}
,"/Users/pablo.valle/Projects/PABLO-staffManager-v01/src/validations/loginBodyValidation.js": {"path":"/Users/pablo.valle/Projects/PABLO-staffManager-v01/src/validations/loginBodyValidation.js","statementMap":{"0":{"start":{"line":1,"column":16},"end":{"line":1,"column":45}},"1":{"start":{"line":3,"column":28},"end":{"line":15,"column":2}},"2":{"start":{"line":17,"column":0},"end":{"line":17,"column":37}}},"fnMap":{},"branchMap":{},"s":{"0":2,"1":2,"2":2},"f":{},"b":{},"inputSourceMap":null,"_coverageSchema":"1a1c01bbd47fc00a2c39e90264f33305004495a9","hash":"b981555ed00603ef06eac661811f09351dc9182c"}
,"/Users/pablo.valle/Projects/PABLO-staffManager-v01/src/validations/removeProjectsEmployeValidation.js": {"path":"/Users/pablo.valle/Projects/PABLO-staffManager-v01/src/validations/removeProjectsEmployeValidation.js","statementMap":{"0":{"start":{"line":1,"column":12},"end":{"line":1,"column":26}},"1":{"start":{"line":3,"column":36},"end":{"line":12,"column":2}},"2":{"start":{"line":14,"column":0},"end":{"line":14,"column":45}}},"fnMap":{},"branchMap":{},"s":{"0":2,"1":2,"2":2},"f":{},"b":{},"inputSourceMap":null,"_coverageSchema":"1a1c01bbd47fc00a2c39e90264f33305004495a9","hash":"a0c5c78da5a9cbd6012be40cc49711c3c69070e2"}
,"/Users/pablo.valle/Projects/PABLO-staffManager-v01/src/validations/searchCompanyValidation.js": {"path":"/Users/pablo.valle/Projects/PABLO-staffManager-v01/src/validations/searchCompanyValidation.js","statementMap":{"0":{"start":{"line":1,"column":12},"end":{"line":1,"column":26}},"1":{"start":{"line":3,"column":32},"end":{"line":13,"column":2}},"2":{"start":{"line":15,"column":0},"end":{"line":15,"column":41}}},"fnMap":{},"branchMap":{},"s":{"0":2,"1":2,"2":2},"f":{},"b":{},"inputSourceMap":null,"_coverageSchema":"1a1c01bbd47fc00a2c39e90264f33305004495a9","hash":"7cb243cf9ea38cf2cd2d0c2351e054e4b5b001a6"}
,"/Users/pablo.valle/Projects/PABLO-staffManager-v01/src/validations/searchEmployeeValidation.js": {"path":"/Users/pablo.valle/Projects/PABLO-staffManager-v01/src/validations/searchEmployeeValidation.js","statementMap":{"0":{"start":{"line":1,"column":16},"end":{"line":1,"column":45}},"1":{"start":{"line":3,"column":33},"end":{"line":22,"column":2}},"2":{"start":{"line":24,"column":0},"end":{"line":24,"column":42}}},"fnMap":{},"branchMap":{},"s":{"0":2,"1":2,"2":2},"f":{},"b":{},"inputSourceMap":null,"_coverageSchema":"1a1c01bbd47fc00a2c39e90264f33305004495a9","hash":"75be26f435b8294c8e5784d2a2f4e623d9cb080e"}
,"/Users/pablo.valle/Projects/PABLO-staffManager-v01/src/validations/updateEmployeeValidation.js": {"path":"/Users/pablo.valle/Projects/PABLO-staffManager-v01/src/validations/updateEmployeeValidation.js","statementMap":{"0":{"start":{"line":1,"column":24},"end":{"line":1,"column":85}},"1":{"start":{"line":3,"column":12},"end":{"line":3,"column":26}},"2":{"start":{"line":5,"column":29},"end":{"line":32,"column":6}},"3":{"start":{"line":34,"column":0},"end":{"line":34,"column":38}}},"fnMap":{},"branchMap":{},"s":{"0":2,"1":2,"2":2,"3":2},"f":{},"b":{},"inputSourceMap":null,"_coverageSchema":"1a1c01bbd47fc00a2c39e90264f33305004495a9","hash":"2a617d3cc13e3c38fdf17923a73e267112521847"}
}
