TN:
SF:app.js
FNF:0
FNH:0
DA:2,2
DA:3,2
DA:4,2
DA:5,2
DA:6,2
DA:8,2
DA:10,2
DA:11,2
DA:12,2
DA:14,2
DA:15,2
DA:16,2
DA:18,2
DA:19,2
DA:20,2
DA:21,2
DA:23,2
DA:24,2
DA:26,2
DA:27,2
DA:28,2
DA:30,2
DA:32,2
LF:23
LH:23
BRF:0
BRH:0
end_of_record
TN:
SF:config/config.js
FNF:0
FNH:0
DA:1,2
DA:3,2
LF:2
LH:2
BRF:0
BRH:0
end_of_record
TN:
SF:src/controllers/auth.js
FN:8,(anonymous_0)
FNF:1
FNH:0
FNDA:0,(anonymous_0)
DA:1,2
DA:2,2
DA:3,2
DA:4,2
DA:5,2
DA:8,2
DA:9,0
DA:10,0
DA:11,0
DA:12,0
DA:13,0
DA:15,0
DA:16,0
DA:19,0
DA:21,0
DA:27,0
DA:31,2
LF:17
LH:7
BRDA:12,0,0,0
BRDA:12,0,1,0
BRDA:15,1,0,0
BRDA:15,1,1,0
BRF:4
BRH:0
end_of_record
TN:
SF:src/controllers/company.js
FN:5,(anonymous_0)
FN:27,(anonymous_1)
FNF:2
FNH:0
FNDA:0,(anonymous_0)
FNDA:0,(anonymous_1)
DA:1,2
DA:2,2
DA:3,2
DA:5,2
DA:6,0
DA:8,0
DA:9,0
DA:11,0
DA:12,0
DA:14,0
DA:15,0
DA:18,0
DA:20,0
DA:23,0
DA:27,2
DA:28,0
DA:29,0
DA:30,0
DA:37,0
DA:38,0
DA:41,0
DA:43,0
DA:47,2
LF:23
LH:6
BRDA:11,0,0,0
BRDA:11,0,1,0
BRDA:14,1,0,0
BRDA:14,1,1,0
BRDA:37,2,0,0
BRDA:37,2,1,0
BRF:6
BRH:0
end_of_record
TN:
SF:src/controllers/employee.js
FN:14,(anonymous_0)
FN:27,(anonymous_1)
FN:39,(anonymous_2)
FN:54,(anonymous_3)
FN:67,(anonymous_4)
FN:95,(anonymous_5)
FN:122,(anonymous_6)
FN:162,(anonymous_7)
FN:188,(anonymous_8)
FN:213,(anonymous_9)
FNF:10
FNH:10
FNDA:10,(anonymous_0)
FNDA:2,(anonymous_1)
FNDA:2,(anonymous_2)
FNDA:11,(anonymous_3)
FNDA:5,(anonymous_4)
FNDA:6,(anonymous_5)
FNDA:6,(anonymous_6)
FNDA:4,(anonymous_7)
FNDA:2,(anonymous_8)
FNDA:2,(anonymous_9)
DA:1,2
DA:2,2
DA:3,2
DA:4,2
DA:5,2
DA:6,2
DA:7,2
DA:8,2
DA:10,2
DA:11,2
DA:12,2
DA:14,2
DA:15,10
DA:17,10
DA:18,10
DA:20,10
DA:21,1
DA:23,10
DA:24,1
DA:26,10
DA:27,2
DA:28,2
DA:31,10
DA:38,10
DA:39,2
DA:40,2
DA:43,10
DA:54,9
DA:55,11
DA:56,11
DA:57,11
DA:58,11
DA:61,9
DA:63,1
DA:67,2
DA:68,5
DA:69,5
DA:70,5
DA:78,4
DA:79,2
DA:80,2
DA:81,2
DA:84,2
DA:85,2
DA:86,2
DA:88,2
DA:91,3
DA:95,2
DA:96,6
DA:97,6
DA:98,6
DA:102,4
DA:103,1
DA:104,1
DA:105,1
DA:107,1
DA:109,1
DA:110,1
DA:113,4
DA:114,4
DA:116,4
DA:118,2
DA:122,2
DA:123,6
DA:124,6
DA:125,6
DA:127,6
DA:128,5
DA:129,2
DA:130,2
DA:131,2
DA:134,3
DA:135,3
DA:136,1
DA:137,1
DA:138,1
DA:139,1
DA:143,1
DA:144,1
DA:145,1
DA:147,1
DA:148,1
DA:149,1
DA:152,3
DA:153,3
DA:154,3
DA:155,3
DA:158,3
DA:162,2
DA:163,4
DA:164,4
DA:165,4
DA:167,4
DA:168,2
DA:169,2
DA:170,2
DA:173,2
DA:174,0
DA:175,0
DA:176,0
DA:179,2
DA:181,2
DA:184,2
DA:188,2
DA:189,2
DA:190,2
DA:192,2
DA:193,2
DA:194,1
DA:196,1
DA:198,1
DA:206,1
DA:209,0
DA:213,2
DA:214,2
DA:215,2
DA:217,2
DA:218,2
DA:219,1
DA:221,1
DA:222,1
DA:230,1
DA:233,0
DA:237,2
LF:124
LH:119
BRDA:20,0,0,1
BRDA:20,0,1,9
BRDA:23,1,0,1
BRDA:23,1,1,9
BRDA:26,2,0,2
BRDA:26,2,1,8
BRDA:27,3,0,1
BRDA:27,3,1,1
BRDA:38,4,0,2
BRDA:38,4,1,8
BRDA:39,5,0,1
BRDA:39,5,1,1
BRDA:78,6,0,2
BRDA:78,6,1,2
BRDA:102,7,0,1
BRDA:102,7,1,3
BRDA:128,8,0,2
BRDA:128,8,1,3
BRDA:135,9,0,1
BRDA:135,9,1,2
BRDA:136,10,0,1
BRDA:136,10,1,0
BRDA:136,11,0,1
BRDA:136,11,1,1
BRDA:138,12,0,1
BRDA:138,12,1,0
BRDA:167,13,0,2
BRDA:167,13,1,2
BRDA:173,14,0,0
BRDA:173,14,1,2
BRDA:173,15,0,2
BRDA:173,15,1,1
BRDA:175,16,0,0
BRDA:175,16,1,0
BRDA:193,17,0,1
BRDA:193,17,1,1
BRDA:218,18,0,1
BRDA:218,18,1,1
BRF:38
BRH:33
end_of_record
TN:
SF:src/libs/jwtHelper.js
FN:4,(anonymous_0)
FN:5,(anonymous_1)
FN:7,(anonymous_2)
FNF:3
FNH:0
FNDA:0,(anonymous_0)
FNDA:0,(anonymous_1)
FNDA:0,(anonymous_2)
DA:1,2
DA:2,2
DA:4,2
DA:5,2
DA:7,2
DA:10,0
DA:12,0
DA:17,0
DA:20,2
LF:9
LH:6
BRF:0
BRH:0
end_of_record
TN:
SF:src/middlewares/authHandler.js
FN:4,(anonymous_0)
FN:6,(anonymous_1)
FNF:2
FNH:0
FNDA:0,(anonymous_0)
FNDA:0,(anonymous_1)
DA:1,1
DA:2,1
DA:4,1
DA:6,1
DA:7,0
DA:9,0
DA:10,0
DA:12,0
DA:13,0
DA:14,0
DA:15,0
DA:17,0
DA:21,1
LF:13
LH:5
BRDA:4,0,0,0
BRDA:4,0,1,0
BRDA:9,1,0,0
BRDA:9,1,1,0
BRF:4
BRH:0
end_of_record
TN:
SF:src/middlewares/errorHandler.js
FN:5,(anonymous_0)
FNF:1
FNH:1
FNDA:6,(anonymous_0)
DA:1,2
DA:3,2
DA:5,2
DA:7,6
DA:9,6
DA:10,2
DA:16,4
DA:17,1
DA:20,3
DA:21,0
DA:24,3
DA:25,0
DA:28,3
DA:31,2
LF:14
LH:12
BRDA:9,0,0,2
BRDA:9,0,1,4
BRDA:9,1,0,6
BRDA:9,1,1,2
BRDA:16,2,0,1
BRDA:16,2,1,3
BRDA:20,3,0,0
BRDA:20,3,1,3
BRDA:24,4,0,0
BRDA:24,4,1,3
BRDA:28,5,0,3
BRDA:28,5,1,0
BRF:12
BRH:9
end_of_record
TN:
SF:src/middlewares/logger.js
FN:2,(anonymous_0)
FN:12,(anonymous_1)
FN:17,(anonymous_2)
FNF:3
FNH:2
FNDA:22,(anonymous_0)
FNDA:6,(anonymous_1)
FNDA:0,(anonymous_2)
DA:2,2
DA:4,22
DA:5,22
DA:6,22
DA:7,22
DA:8,22
DA:12,2
DA:13,6
DA:14,6
DA:17,2
DA:18,0
DA:19,0
DA:22,2
LF:13
LH:11
BRF:0
BRH:0
end_of_record
TN:
SF:src/middlewares/upload.js
FN:16,(anonymous_0)
FN:19,(anonymous_1)
FN:26,(anonymous_2)
FNF:3
FNH:0
FNDA:0,(anonymous_0)
FNDA:0,(anonymous_1)
FNDA:0,(anonymous_2)
DA:1,2
DA:2,2
DA:3,2
DA:5,2
DA:6,2
DA:7,2
DA:8,2
DA:9,2
DA:11,2
DA:12,0
DA:15,2
DA:17,0
DA:20,0
DA:21,0
DA:22,0
DA:26,2
DA:27,0
DA:28,0
DA:30,0
DA:31,0
DA:34,0
DA:38,2
DA:42,2
DA:48,2
LF:24
LH:14
BRDA:11,0,0,0
BRDA:11,0,1,2
BRDA:30,1,0,0
BRDA:30,1,1,0
BRDA:30,2,0,0
BRDA:30,2,1,0
BRF:6
BRH:1
end_of_record
TN:
SF:src/middlewares/validate.js
FN:3,(anonymous_0)
FN:4,(anonymous_1)
FN:6,(anonymous_2)
FN:13,(anonymous_3)
FNF:4
FNH:4
FNDA:20,(anonymous_0)
FNDA:13,(anonymous_1)
FNDA:39,(anonymous_2)
FNDA:6,(anonymous_3)
DA:1,2
DA:3,2
DA:4,20
DA:5,13
DA:6,13
DA:7,39
DA:8,15
DA:9,0
DA:11,15
DA:12,15
DA:13,6
DA:19,13
DA:24,13
DA:25,2
DA:26,2
DA:27,2
DA:28,2
DA:30,11
DA:34,2
LF:19
LH:18
BRDA:7,0,0,15
BRDA:7,0,1,24
BRDA:8,1,0,0
BRDA:8,1,1,15
BRDA:8,2,0,15
BRDA:8,2,1,6
BRDA:8,2,2,6
BRDA:8,2,3,0
BRDA:12,3,0,2
BRDA:12,3,1,13
BRDA:24,4,0,2
BRDA:24,4,1,11
BRF:12
BRH:10
end_of_record
TN:
SF:src/routes/auth.js
FNF:0
FNH:0
DA:1,2
DA:2,2
DA:3,2
DA:4,2
DA:6,2
DA:8,2
DA:11,2
LF:7
LH:7
BRF:0
BRH:0
end_of_record
TN:
SF:src/routes/company.js
FNF:0
FNH:0
DA:1,2
DA:3,2
DA:5,2
DA:6,2
DA:8,2
DA:13,2
DA:15,2
DA:16,2
DA:18,2
LF:9
LH:9
BRF:0
BRH:0
end_of_record
TN:
SF:src/routes/employee.js
FNF:0
FNH:0
DA:1,2
DA:3,2
DA:4,2
DA:6,2
DA:7,2
DA:8,2
DA:9,2
DA:10,2
DA:11,2
DA:13,2
DA:23,2
DA:25,2
DA:26,2
DA:27,2
DA:28,2
DA:29,2
DA:30,2
DA:34,2
DA:36,2
LF:19
LH:19
BRF:0
BRH:0
end_of_record
TN:
SF:src/validations/assignProjectsValidation.js
FNF:0
FNH:0
DA:1,2
DA:3,2
DA:14,2
LF:3
LH:3
BRF:0
BRH:0
end_of_record
TN:
SF:src/validations/createEmployeeValidation.js
FNF:0
FNH:0
DA:1,2
DA:3,2
DA:5,2
DA:40,2
LF:4
LH:4
BRF:0
BRH:0
end_of_record
TN:
SF:src/validations/idParamsValidation.js
FNF:0
FNH:0
DA:1,2
DA:3,2
DA:13,2
LF:3
LH:3
BRF:0
BRH:0
end_of_record
TN:
SF:src/validations/loginBodyValidation.js
FNF:0
FNH:0
DA:1,2
DA:3,2
DA:17,2
LF:3
LH:3
BRF:0
BRH:0
end_of_record
TN:
SF:src/validations/removeProjectsEmployeValidation.js
FNF:0
FNH:0
DA:1,2
DA:3,2
DA:14,2
LF:3
LH:3
BRF:0
BRH:0
end_of_record
TN:
SF:src/validations/searchCompanyValidation.js
FNF:0
FNH:0
DA:1,2
DA:3,2
DA:15,2
LF:3
LH:3
BRF:0
BRH:0
end_of_record
TN:
SF:src/validations/searchEmployeeValidation.js
FNF:0
FNH:0
DA:1,2
DA:3,2
DA:24,2
LF:3
LH:3
BRF:0
BRH:0
end_of_record
TN:
SF:src/validations/updateEmployeeValidation.js
FNF:0
FNH:0
DA:1,2
DA:3,2
DA:5,2
DA:34,2
LF:4
LH:4
BRF:0
BRH:0
end_of_record
