TN:
SF:app.js
FNF:0
FNH:0
DA:2,3
DA:3,3
DA:4,3
DA:5,3
DA:6,3
DA:8,3
DA:10,3
DA:11,3
DA:12,3
DA:14,3
DA:15,3
DA:16,3
DA:18,3
DA:19,3
DA:20,3
DA:21,3
DA:23,3
DA:24,3
DA:26,3
DA:27,3
DA:28,3
DA:30,3
DA:32,3
LF:23
LH:23
BRF:0
BRH:0
end_of_record
TN:
SF:config/config.js
FNF:0
FNH:0
DA:1,4
DA:2,4
DA:4,4
DA:6,4
LF:4
LH:4
BRF:0
BRH:0
end_of_record
TN:
SF:models/company.js
FN:8,(anonymous_0)
FN:11,(anonymous_1)
FN:26,(anonymous_2)
FNF:3
FNH:3
FNDA:2,(anonymous_0)
FNDA:2,(anonymous_1)
FNDA:2,(anonymous_2)
DA:4,2
DA:6,2
DA:8,2
DA:12,2
DA:18,2
DA:27,2
DA:35,2
LF:7
LH:7
BRF:0
BRH:0
end_of_record
TN:
SF:models/employee.js
FN:10,(anonymous_0)
FN:13,(anonymous_1)
FN:41,(anonymous_2)
FN:46,(anonymous_3)
FNF:4
FNH:4
FNDA:2,(anonymous_0)
FNDA:2,(anonymous_1)
FNDA:3,(anonymous_2)
FNDA:3,(anonymous_3)
DA:5,2
DA:7,2
DA:8,2
DA:10,2
DA:14,2
DA:18,2
DA:26,2
DA:41,2
DA:42,3
DA:43,3
DA:46,2
DA:47,3
DA:48,1
DA:52,2
LF:14
LH:14
BRDA:42,0,0,3
BRDA:42,0,1,0
BRDA:47,1,0,1
BRDA:47,1,1,2
BRF:4
BRH:3
end_of_record
TN:
SF:models/index.js
FN:26,(anonymous_0)
FN:32,(anonymous_1)
FN:40,(anonymous_2)
FN:45,(anonymous_3)
FN:51,testConnection
FNF:5
FNH:3
FNDA:0,(anonymous_0)
FNDA:8,(anonymous_1)
FNDA:6,(anonymous_2)
FNDA:6,(anonymous_3)
FNDA:0,testConnection
DA:3,2
DA:4,2
DA:5,2
DA:6,2
DA:7,2
DA:8,2
DA:9,2
DA:10,2
DA:11,2
DA:19,2
DA:26,0
DA:30,2
DA:33,8
DA:41,6
DA:42,6
DA:45,2
DA:46,6
DA:47,6
DA:52,0
DA:53,0
DA:54,0
DA:56,0
DA:60,2
DA:61,0
DA:64,2
DA:65,2
DA:67,2
LF:27
LH:21
BRDA:7,0,0,2
BRDA:7,0,1,0
BRDA:26,1,0,2
BRDA:26,1,1,0
BRDA:34,2,0,8
BRDA:34,2,1,8
BRDA:34,2,2,6
BRDA:34,2,3,6
BRDA:46,3,0,6
BRDA:46,3,1,0
BRDA:60,4,0,0
BRDA:60,4,1,2
BRF:12
BRH:8
end_of_record
TN:
SF:models/project.js
FN:5,(anonymous_0)
FN:7,(anonymous_1)
FNF:2
FNH:2
FNDA:2,(anonymous_0)
FNDA:2,(anonymous_1)
DA:4,2
DA:5,2
DA:8,2
DA:16,2
DA:30,2
LF:5
LH:5
BRF:0
BRH:0
end_of_record
TN:
SF:src/controllers/auth.js
FN:8,(anonymous_0)
FNF:1
FNH:0
FNDA:0,(anonymous_0)
DA:1,3
DA:2,3
DA:3,3
DA:4,3
DA:5,3
DA:8,3
DA:9,0
DA:10,0
DA:11,0
DA:12,0
DA:13,0
DA:15,0
DA:16,0
DA:19,0
DA:21,0
DA:27,0
DA:31,3
LF:17
LH:7
BRDA:12,0,0,0
BRDA:12,0,1,0
BRDA:15,1,0,0
BRDA:15,1,1,0
BRF:4
BRH:0
end_of_record
TN:
SF:src/controllers/company.js
FN:5,(anonymous_0)
FN:27,(anonymous_1)
FNF:2
FNH:0
FNDA:0,(anonymous_0)
FNDA:0,(anonymous_1)
DA:1,3
DA:2,3
DA:3,3
DA:5,3
DA:6,0
DA:8,0
DA:9,0
DA:11,0
DA:12,0
DA:14,0
DA:15,0
DA:18,0
DA:20,0
DA:23,0
DA:27,3
DA:28,0
DA:29,0
DA:30,0
DA:37,0
DA:38,0
DA:41,0
DA:43,0
DA:47,3
LF:23
LH:6
BRDA:11,0,0,0
BRDA:11,0,1,0
BRDA:14,1,0,0
BRDA:14,1,1,0
BRDA:37,2,0,0
BRDA:37,2,1,0
BRF:6
BRH:0
end_of_record
TN:
SF:src/controllers/employee.js
FN:13,(anonymous_0)
FN:26,(anonymous_1)
FN:38,(anonymous_2)
FN:53,(anonymous_3)
FN:66,(anonymous_4)
FN:94,(anonymous_5)
FN:121,(anonymous_6)
FN:161,(anonymous_7)
FN:187,(anonymous_8)
FN:212,(anonymous_9)
FNF:10
FNH:10
FNDA:13,(anonymous_0)
FNDA:4,(anonymous_1)
FNDA:2,(anonymous_2)
FNDA:16,(anonymous_3)
FNDA:5,(anonymous_4)
FNDA:6,(anonymous_5)
FNDA:8,(anonymous_6)
FNDA:4,(anonymous_7)
FNDA:2,(anonymous_8)
FNDA:2,(anonymous_9)
DA:1,3
DA:2,3
DA:3,3
DA:4,3
DA:5,3
DA:6,3
DA:7,3
DA:9,3
DA:10,3
DA:11,3
DA:13,3
DA:14,13
DA:16,13
DA:17,13
DA:19,13
DA:20,2
DA:22,13
DA:23,1
DA:25,13
DA:26,4
DA:27,3
DA:30,13
DA:37,13
DA:38,2
DA:39,2
DA:42,13
DA:53,12
DA:54,16
DA:55,16
DA:56,16
DA:57,16
DA:60,12
DA:62,1
DA:66,3
DA:67,5
DA:68,5
DA:69,5
DA:77,4
DA:78,2
DA:79,2
DA:80,2
DA:83,2
DA:84,2
DA:85,2
DA:87,2
DA:90,3
DA:94,3
DA:95,6
DA:96,6
DA:97,6
DA:101,4
DA:102,1
DA:103,1
DA:104,1
DA:106,1
DA:108,1
DA:109,1
DA:112,4
DA:113,4
DA:115,4
DA:117,2
DA:121,3
DA:122,8
DA:123,8
DA:124,8
DA:126,8
DA:127,7
DA:128,3
DA:129,3
DA:130,3
DA:133,4
DA:134,4
DA:135,1
DA:136,1
DA:137,1
DA:138,1
DA:142,1
DA:143,1
DA:144,1
DA:146,1
DA:147,1
DA:148,1
DA:151,4
DA:152,4
DA:153,4
DA:154,4
DA:157,4
DA:161,3
DA:162,4
DA:163,4
DA:164,4
DA:166,4
DA:167,2
DA:168,2
DA:169,2
DA:172,2
DA:173,0
DA:174,0
DA:175,0
DA:178,2
DA:180,2
DA:183,2
DA:187,3
DA:188,2
DA:189,2
DA:191,2
DA:192,2
DA:193,1
DA:195,1
DA:197,1
DA:205,1
DA:208,0
DA:212,3
DA:213,2
DA:214,2
DA:216,2
DA:217,2
DA:218,1
DA:220,1
DA:221,1
DA:229,1
DA:232,0
DA:236,3
LF:123
LH:118
BRDA:19,0,0,2
BRDA:19,0,1,11
BRDA:22,1,0,1
BRDA:22,1,1,12
BRDA:25,2,0,3
BRDA:25,2,1,10
BRDA:26,3,0,2
BRDA:26,3,1,1
BRDA:37,4,0,2
BRDA:37,4,1,11
BRDA:38,5,0,1
BRDA:38,5,1,1
BRDA:77,6,0,2
BRDA:77,6,1,2
BRDA:101,7,0,1
BRDA:101,7,1,3
BRDA:127,8,0,3
BRDA:127,8,1,4
BRDA:134,9,0,1
BRDA:134,9,1,3
BRDA:135,10,0,1
BRDA:135,10,1,0
BRDA:135,11,0,1
BRDA:135,11,1,1
BRDA:137,12,0,1
BRDA:137,12,1,0
BRDA:166,13,0,2
BRDA:166,13,1,2
BRDA:172,14,0,0
BRDA:172,14,1,2
BRDA:172,15,0,2
BRDA:172,15,1,1
BRDA:174,16,0,0
BRDA:174,16,1,0
BRDA:192,17,0,1
BRDA:192,17,1,1
BRDA:217,18,0,1
BRDA:217,18,1,1
BRF:38
BRH:33
end_of_record
TN:
SF:src/libs/jwtHelper.js
FN:4,(anonymous_0)
FN:5,(anonymous_1)
FN:7,(anonymous_2)
FNF:3
FNH:0
FNDA:0,(anonymous_0)
FNDA:0,(anonymous_1)
FNDA:0,(anonymous_2)
DA:1,3
DA:2,3
DA:4,3
DA:5,3
DA:7,3
DA:10,0
DA:12,0
DA:17,0
DA:20,3
LF:9
LH:6
BRF:0
BRH:0
end_of_record
TN:
SF:src/middlewares/authHandler.js
FN:4,(anonymous_0)
FN:6,(anonymous_1)
FNF:2
FNH:0
FNDA:0,(anonymous_0)
FNDA:0,(anonymous_1)
DA:1,1
DA:2,1
DA:4,1
DA:6,1
DA:7,0
DA:9,0
DA:10,0
DA:12,0
DA:13,0
DA:14,0
DA:15,0
DA:17,0
DA:21,1
LF:13
LH:5
BRDA:4,0,0,0
BRDA:4,0,1,0
BRDA:9,1,0,0
BRDA:9,1,1,0
BRF:4
BRH:0
end_of_record
TN:
SF:src/middlewares/errorHandler.js
FN:5,(anonymous_0)
FNF:1
FNH:1
FNDA:7,(anonymous_0)
DA:1,3
DA:3,3
DA:5,3
DA:7,7
DA:9,7
DA:10,2
DA:16,5
DA:17,1
DA:20,4
DA:21,0
DA:24,4
DA:25,0
DA:28,4
DA:31,3
LF:14
LH:12
BRDA:9,0,0,2
BRDA:9,0,1,5
BRDA:9,1,0,7
BRDA:9,1,1,2
BRDA:16,2,0,1
BRDA:16,2,1,4
BRDA:20,3,0,0
BRDA:20,3,1,4
BRDA:24,4,0,0
BRDA:24,4,1,4
BRDA:28,5,0,4
BRDA:28,5,1,0
BRF:12
BRH:9
end_of_record
TN:
SF:src/middlewares/logger.js
FN:2,(anonymous_0)
FN:12,(anonymous_1)
FN:17,(anonymous_2)
FNF:3
FNH:2
FNDA:27,(anonymous_0)
FNDA:7,(anonymous_1)
FNDA:0,(anonymous_2)
DA:2,4
DA:4,27
DA:5,27
DA:6,27
DA:7,27
DA:8,27
DA:12,4
DA:13,7
DA:14,7
DA:17,4
DA:18,0
DA:19,0
DA:22,4
LF:13
LH:11
BRF:0
BRH:0
end_of_record
TN:
SF:src/middlewares/upload.js
FN:16,(anonymous_0)
FN:19,(anonymous_1)
FN:26,(anonymous_2)
FNF:3
FNH:0
FNDA:0,(anonymous_0)
FNDA:0,(anonymous_1)
FNDA:0,(anonymous_2)
DA:1,3
DA:2,3
DA:3,3
DA:5,3
DA:6,3
DA:7,3
DA:8,3
DA:9,3
DA:11,3
DA:12,0
DA:15,3
DA:17,0
DA:20,0
DA:21,0
DA:22,0
DA:26,3
DA:27,0
DA:28,0
DA:30,0
DA:31,0
DA:34,0
DA:38,3
DA:42,3
DA:48,3
LF:24
LH:14
BRDA:11,0,0,0
BRDA:11,0,1,3
BRDA:30,1,0,0
BRDA:30,1,1,0
BRDA:30,2,0,0
BRDA:30,2,1,0
BRF:6
BRH:1
end_of_record
TN:
SF:src/middlewares/validate.js
FN:3,(anonymous_0)
FN:4,(anonymous_1)
FN:6,(anonymous_2)
FN:13,(anonymous_3)
FNF:4
FNH:4
FNDA:30,(anonymous_0)
FNDA:18,(anonymous_1)
FNDA:54,(anonymous_2)
FNDA:6,(anonymous_3)
DA:1,3
DA:3,3
DA:4,30
DA:5,18
DA:6,18
DA:7,54
DA:8,22
DA:9,0
DA:11,22
DA:12,22
DA:13,6
DA:19,20
DA:24,18
DA:25,2
DA:26,2
DA:27,2
DA:28,2
DA:30,16
DA:34,3
LF:19
LH:18
BRDA:7,0,0,22
BRDA:7,0,1,32
BRDA:8,1,0,0
BRDA:8,1,1,22
BRDA:8,2,0,22
BRDA:8,2,1,8
BRDA:8,2,2,8
BRDA:8,2,3,0
BRDA:12,3,0,2
BRDA:12,3,1,20
BRDA:24,4,0,2
BRDA:24,4,1,16
BRF:12
BRH:10
end_of_record
TN:
SF:src/routes/auth.js
FNF:0
FNH:0
DA:1,3
DA:2,3
DA:3,3
DA:4,3
DA:6,3
DA:8,3
DA:11,3
LF:7
LH:7
BRF:0
BRH:0
end_of_record
TN:
SF:src/routes/company.js
FNF:0
FNH:0
DA:1,3
DA:3,3
DA:5,3
DA:6,3
DA:8,3
DA:13,3
DA:15,3
DA:16,3
DA:18,3
LF:9
LH:9
BRF:0
BRH:0
end_of_record
TN:
SF:src/routes/employee.js
FNF:0
FNH:0
DA:1,3
DA:3,3
DA:4,3
DA:6,3
DA:7,3
DA:8,3
DA:9,3
DA:10,3
DA:11,3
DA:13,3
DA:23,3
DA:25,3
DA:26,3
DA:27,3
DA:28,3
DA:29,3
DA:30,3
DA:34,3
DA:36,3
LF:19
LH:19
BRF:0
BRH:0
end_of_record
TN:
SF:src/utils/getImageUrl.js
FN:4,getImageUrl
FNF:1
FNH:1
FNDA:6,getImageUrl
DA:2,1
DA:5,6
DA:7,6
DA:10,1
LF:4
LH:4
BRDA:5,0,0,0
BRDA:5,0,1,6
BRF:2
BRH:1
end_of_record
TN:
SF:src/validations/assignProjectsValidation.js
FNF:0
FNH:0
DA:1,3
DA:3,3
DA:14,3
LF:3
LH:3
BRF:0
BRH:0
end_of_record
TN:
SF:src/validations/createEmployeeValidation.js
FNF:0
FNH:0
DA:1,3
DA:3,3
DA:5,3
DA:40,3
LF:4
LH:4
BRF:0
BRH:0
end_of_record
TN:
SF:src/validations/idParamsValidation.js
FNF:0
FNH:0
DA:1,3
DA:3,3
DA:13,3
LF:3
LH:3
BRF:0
BRH:0
end_of_record
TN:
SF:src/validations/loginBodyValidation.js
FNF:0
FNH:0
DA:1,3
DA:3,3
DA:17,3
LF:3
LH:3
BRF:0
BRH:0
end_of_record
TN:
SF:src/validations/removeProjectsEmployeValidation.js
FNF:0
FNH:0
DA:1,3
DA:3,3
DA:14,3
LF:3
LH:3
BRF:0
BRH:0
end_of_record
TN:
SF:src/validations/searchCompanyValidation.js
FNF:0
FNH:0
DA:1,3
DA:3,3
DA:15,3
LF:3
LH:3
BRF:0
BRH:0
end_of_record
TN:
SF:src/validations/searchEmployeeValidation.js
FNF:0
FNH:0
DA:1,3
DA:3,3
DA:24,3
LF:3
LH:3
BRF:0
BRH:0
end_of_record
TN:
SF:src/validations/updateEmployeeValidation.js
FNF:0
FNH:0
DA:1,3
DA:3,3
DA:5,3
DA:34,3
LF:4
LH:4
BRF:0
BRH:0
end_of_record
